[dotenv@17.2.3] injecting env (6) from .env.local -- tip: ⚙️  load multiple .env files with { path: ['.env.local', '.env'] }
⚙️ 설정:
   - Limit: 없음 (전체)
   - Category: 없음 (전체)
   - Dry Run: false
   - Delay: 2000ms

========================================
🚀 다나와 가격 배치 업데이트 시작
========================================

📋 상품 목록 조회 중...
   총 2405개 상품 발견


[1/2405] 📦 부가부 드래곤플라이
   pcode: 26489594
   ✅ 1,356,000원 (SSG.COM)
   📊 12개 쇼핑몰, 가격 범위: 1,356,000~1,480,000원

[2/2405] 📦 뒹굴러 베어프렌즈 키즈 가죽 소파 1인용
   pcode: 75933251
   ✅ 69,000원 (현대Hmall)
   📊 6개 쇼핑몰, 가격 범위: 69,000~87,000원

[3/2405] 📦 다이치 리드 i-Size 바구니 카시트
   pcode: 56162975
   ✅ 178,000원 (쿠팡)
   📊 1개 쇼핑몰, 가격 범위: 178,000~178,000원

[4/2405] 📦 하기스 2024 보송보송 팬티형 5단계-공용
   pcode: 71906516
   ✅ 38,860원 (쿠팡)
   📊 45개 쇼핑몰, 가격 범위: 38,860~77,030원

[5/2405] 📦 더블하트 모유실감 3세대 PPSU 베이직 160ml
   pcode: 51565190
   ✅ 43,910원 (쿠팡)
   📊 34개 쇼핑몰, 가격 범위: 43,910~76,900원

[6/2405] 📦 베이비브레짜 포뮬러 프로 어드밴스드 분유제조기
   pcode: 13271612
   ✅ 308,990원 (롯데ON)
   📊 14개 쇼핑몰, 가격 범위: 308,990~690,680원

[7/2405] 📦 압타밀 프로푸트라 듀오 어드밴스 2단계 800g (해외구매)
   pcode: 37830821
   ✅ 226,000원 (옥션)
   📊 14개 쇼핑몰, 가격 범위: 226,000~303,080원

[8/2405] 📦 신일전자 SEP-WH17KP
   pcode: 74805527
   ✅ 30,000원 (쿠팡)
   📊 80개 쇼핑몰, 가격 범위: 30,000~45,710원

[9/2405] 📦 에이원 리안 드림콧 아기침대
   pcode: 11354604
   ✅ 230,000원 (신세계몰)
   📊 21개 쇼핑몰, 가격 범위: 230,000~708,890원

[10/2405] 📦 파트라 생활지음 제미니 4LEGS 높이조절 유아동의자
   pcode: 8166868
   ✅ 125,120원 (쿠팡)
   📊 40개 쇼핑몰, 가격 범위: 125,120~281,550원

   ⏱️ 진행률: 0.4% | 속도: 0.05개/초 | 남은 시간: 865분


[11/2405] 📦 베이비조거 시티 투어 더블 쌍둥이 유모차
   pcode: 20791310
   ✅ 651,420원 (G마켓)
   📊 1개 쇼핑몰, 가격 범위: 651,420~651,420원

[12/2405] 📦 베이블퓨어리 트라이크 유모차 T2
   pcode: 76333361
   ✅ 19,990원 (11번가)
   📊 50개 쇼핑몰, 가격 범위: 19,990~28,140원

[13/2405] 📦 야마토야 부오노3 원목 유아 아기 책상+의자 세트
   pcode: 68688644
   ✅ 147,000원 (쿠팡)
   📊 10개 쇼핑몰, 가격 범위: 147,000~168,000원

[14/2405] 📦 다이치 블리바 360 프로 i-size + 선바이저 세트
   pcode: 39926282
   ✅ 298,350원 (쿠팡)
   📊 4개 쇼핑몰, 가격 범위: 298,350~619,990원

[15/2405] 📦 다이치 이노픽스 부스터 카시트
   pcode: 56163365
   ✅ 58,000원 (쿠팡)
   📊 3개 쇼핑몰, 가격 범위: 58,000~109,800원

[16/2405] 📦 팸퍼스 2025 통잠팬티 팬티형 5단계-공용
   pcode: 74816324
   ✅ 49,400원 (11번가)
   📊 78개 쇼핑몰, 가격 범위: 49,400~73,900원

[17/2405] 📦 마미포코 무표백 팬티형 5단계-여아용
   pcode: 93447485
   ✅ 68,700원 (쿠팡)
   📊 11개 쇼핑몰, 가격 범위: 68,700~100,360원

[18/2405] 📦 나비잠 울트라씬 듀얼핏 팬티형 중형-공용
   pcode: 21217892
   ✅ 51,420원 (G마켓)
   📊 23개 쇼핑몰, 가격 범위: 51,420~80,800원

[19/2405] 📦 킨도 오슬림 에어 팬티형 6단계-공용
   pcode: 25961495
   ✅ 45,630원 (11번가)
   📊 33개 쇼핑몰, 가격 범위: 45,630~119,850원

[20/2405] 📦 아이러브베베 시그니앙 블랙라벨 물티슈 캡형 70매
   pcode: 55079543
   ✅ 22,000원 (G마켓)
   📊 52개 쇼핑몰, 가격 범위: 22,000~38,020원

   ⏱️ 진행률: 0.8% | 속도: 0.05개/초 | 남은 시간: 828분


[21/2405] 📦 모윰 올실리콘 마카롱 쪽쪽이 3개세트 (전용케이스 포함)
   pcode: 29625155
   ✅ 30,600원 (롯데홈쇼핑)
   📊 10개 쇼핑몰, 가격 범위: 30,600~40,800원

[22/2405] 📦 스토케 트립트랩 하이체어
   pcode: 3126535
   ✅ 397,600원 (롯데홈쇼핑)
   📊 38개 쇼핑몰, 가격 범위: 397,600~470,000원

[23/2405] 📦 조이 피니티 시그니처 디럭스 유모차
   pcode: 20802776
   ✅ 698,000원 (쿠팡)
   📊 11개 쇼핑몰, 가격 범위: 698,000~748,000원

[24/2405] 📦 다이치 원픽스 360 리우 ISOFIX 카시트 분리형 + 선바이저 세트
   pcode: 56163404
   ✅ 373,150원 (쿠팡)
   📊 3개 쇼핑몰, 가격 범위: 373,150~520,000원

[25/2405] 📦 EFM ipTIME C500G (단품)
   pcode: adReaderProductItem92968748
❌ [adReaderProductItem92968748] Crawl failed: Navigation timeout of 45000 ms exceeded
   ⚠️ 가격 정보 없음: Navigation timeout of 45000 ms exceeded

[26/2405] 📦 브라운 써모스캔 IRT-6030
   pcode: 3308436
   ✅ 52,970원 (옥션)
   📊 100개 쇼핑몰, 가격 범위: 52,970~66,500원

[27/2405] 📦 휴비딕 휴비딕 콧물흡입기 크린노즈인아웃 HNA-1000 콧물흡인
   pcode: 26559251
   ✅ 151,620원 (G마켓)
   📊 6개 쇼핑몰, 가격 범위: 151,620~255,730원

[28/2405] 📦 보솜이 NEW 액션핏 팬티형 5단계-공용
   pcode: 71906600
   ✅ 62,900원 (쿠팡)
   📊 7개 쇼핑몰, 가격 범위: 62,900~85,170원

[29/2405] 📦 아이러브베베 시그니앙 오가든 물티슈 캡형 72매
   pcode: 27673499
   ✅ 21,490원 (옥션)
   📊 57개 쇼핑몰, 가격 범위: 21,490~44,700원

[30/2405] 📦 줄즈 데이5 세미디럭스형 유모차
   pcode: 52374749
   ✅ 1,420,000원 (쿠팡)
   📊 3개 쇼핑몰, 가격 범위: 1,420,000~2,716,900원

   ⏱️ 진행률: 1.2% | 속도: 0.04개/초 | 남은 시간: 897분


[31/2405] 📦 이븐플로 피벗익스팬드 쌍둥이 유모차
   pcode: 20832644
   ✅ 526,240원 (옥션)
   📊 3개 쇼핑몰, 가격 범위: 526,240~532,220원

[32/2405] 📦 와이어스 일루마 1단계 810g
   pcode: 52267367
   ✅ 62,020원 (옥션)
   📊 52개 쇼핑몰, 가격 범위: 62,020~148,570원

[33/2405] 📦 아이닉 iEK01
   pcode: 76155959
   ✅ 141,550원 (쿠팡)
   📊 29개 쇼핑몰, 가격 범위: 141,550~274,420원

[34/2405] 📦 피노키오 타요 삑삑이 의자
   pcode: 96775634
   ✅ 13,800원 (G마켓)
   📊 64개 쇼핑몰, 가격 범위: 13,800~47,690원

[35/2405] 📦 아이앤에스 뒹굴러 키즈 가죽소파 1인용
   pcode: 10198260
   ✅ 67,160원 (현대Hmall)
   📊 24개 쇼핑몰, 가격 범위: 67,160~226,060원

[36/2405] 📦 리안 2024 스핀 로얄 인펀트 카시트
   pcode: 64817405
   ✅ 118,000원 (쿠팡)
   📊 1개 쇼핑몰, 가격 범위: 118,000~118,000원

[37/2405] 📦 에어보스 록키 휴대용 부스터 카시트 (ISOFIX)
   pcode: 21191456
   ✅ 59,900원 (쿠팡)
   📊 9개 쇼핑몰, 가격 범위: 59,900~78,200원

[38/2405] 📦 하기스 2024 네이처메이드 팬티형 5단계-여아용
   pcode: 37830701
   ✅ 94,200원 (쿠팡)
   📊 35개 쇼핑몰, 가격 범위: 94,200~227,160원

[39/2405] 📦 더블하트 모유실감 3세대 PPSU 오후의베이지 240ml
   pcode: 60072080
   ✅ 34,140원 (쿠팡)
   📊 33개 쇼핑몰, 가격 범위: 34,140~81,870원

[40/2405] 📦 엘프레리 에어필 팬티 기저귀 8팩
   pcode: 32116727
   ✅ 68,320원 (G마켓)
   📊 32개 쇼핑몰, 가격 범위: 68,320~134,800원

   ⏱️ 진행률: 1.7% | 속도: 0.05개/초 | 남은 시간: 866분


[41/2405] 📦 팸퍼스 2025 베이비드라이 팬티형 6단계-공용
   pcode: 68369570
   ✅ 63,810원 (G마켓)
   📊 74개 쇼핑몰, 가격 범위: 63,810~96,900원

[42/2405] 📦 나비잠 울트라씬 듀얼핏 팬티형 특대형-공용
   pcode: 21219671
   ✅ 51,420원 (G마켓)
   📊 7개 쇼핑몰, 가격 범위: 51,420~54,708원

[43/2405] 📦 더블하트 SofTouch 모유실감 젖꼭지 SS/S/M/L/LL/3L 각2개입
   pcode: 34744604
   ✅ 9,810원 (G마켓)
   📊 11개 쇼핑몰, 가격 범위: 9,810~15,180원

[44/2405] 📦 보아르 이지 전기포트C VPEP-003IV
   pcode: 77312039
   ✅ 57,900원 (쿠팡)
   📊 34개 쇼핑몰, 가격 범위: 57,900~130,140원

[45/2405] 📦 벨라 멀티형 원목 아기침대
   pcode: 5959462
   ✅ 143,000원 (쿠팡)
   📊 2개 쇼핑몰, 가격 범위: 143,000~149,000원

[46/2405] 📦 싸이벡스 레모 3-in-1 하이체어
   pcode: 21527828
   ✅ 603,000원 (신세계몰)
   📊 9개 쇼핑몰, 가격 범위: 603,000~670,000원

[47/2405] 📦 실버크로스 스피릿 절충형 유모차
   pcode: 20847884
   ✅ 871,200원 (현대Hmall)
   📊 3개 쇼핑몰, 가격 범위: 871,200~1,124,350원

[48/2405] 📦 시디즈 아띠 유아 책상+의자 세트
   pcode: 5484374
   ✅ 178,000원 (오늘의 집)
   📊 16개 쇼핑몰, 가격 범위: 178,000~281,730원

[49/2405] 📦 싸이벡스 제로나 티 베이스 신생아 카시트
   pcode: 29625176
   ✅ 1,071,000원 (SSG.COM)
   📊 3개 쇼핑몰, 가격 범위: 1,071,000~1,190,000원

[50/2405] 📦 부가부 버터플라이 휴대용 유모차
   pcode: 42212519
   ✅ 826,500원 (쿠팡)
   📊 4개 쇼핑몰, 가격 범위: 826,500~1,447,860원

   ⏱️ 진행률: 2.1% | 속도: 0.05개/초 | 남은 시간: 862분


[51/2405] 📦 브라이텍스 듀얼픽스 프로 아이사이즈 신생아 카시트
   pcode: 44224784
   ✅ 930,800원 (CJ온스타일)
   📊 4개 쇼핑몰, 가격 범위: 930,800~1,008,400원

[52/2405] 📦 EFM ipTIME C500G
   pcode: 92968748
   ✅ 28,900원 (11번가)
   📊 100개 쇼핑몰, 가격 범위: 28,900~93,370원

[53/2405] 📦 브라운 써모스캔 IRT-6525KO
   pcode: 28539707
   ✅ 70,300원 (옥션)
   📊 100개 쇼핑몰, 가격 범위: 70,300~152,700원

[54/2405] 📦 휴비딕 전동식 아기 콧물흡입기 HNA-130 1개
   pcode: 26458019
   ✅ 35,000원 (옥션)
   📊 10개 쇼핑몰, 가격 범위: 35,000~69,310원

[55/2405] 📦 보솜이 NEW 메가드라이 팬티형 5단계-공용
   pcode: 69286337
   ✅ 32,220원 (G마켓)
   📊 58개 쇼핑몰, 가격 범위: 32,220~66,410원

[56/2405] 📦 마미포코 꿀잠팬티 팬티형 5단계-공용
   pcode: 21224177
   ✅ 41,300원 (11번가)
   📊 39개 쇼핑몰, 가격 범위: 41,300~85,600원

[57/2405] 📦 압타밀 프로푸트라 듀오 어드밴스 1단계 800g (해외구매)
   pcode: 22998191
   ✅ 223,190원 (옥션)
   📊 25개 쇼핑몰, 가격 범위: 223,190~350,000원

[58/2405] 📦 베이비브레짜 BRZFPA-3A
   pcode: 101628803
   ✅ 329,000원 (쿠팡)
   📊 1개 쇼핑몰, 가격 범위: 329,000~329,000원

[59/2405] 📦 일룸 윙 키즈 가죽 의자
   pcode: 10856490
   ✅ 174,000원 (쿠팡)
   📊 8개 쇼핑몰, 가격 범위: 174,000~338,150원

[60/2405] 📦 일룸 버니/디노아코 유아동소파
   pcode: 3117206
   ✅ 99,000원 (오늘의 집)
   📊 10개 쇼핑몰, 가격 범위: 99,000~218,700원

   ⏱️ 진행률: 2.5% | 속도: 0.05개/초 | 남은 시간: 862분


[61/2405] 📦 싸이벡스 클라우드 티 베이스 바구니 카시트
   pcode: 41270348
   ✅ 693,000원 (SSG.COM)
   📊 3개 쇼핑몰, 가격 범위: 693,000~770,000원

[62/2405] 📦 리안 주니어 부스터 카시트
   pcode: 20786570
   ✅ 30,000원 (신세계몰)
   📊 1개 쇼핑몰, 가격 범위: 30,000~30,000원

[63/2405] 📦 마미포코 하이퍼드라이 팬티형 5단계-남아용
   pcode: 65916893
   ✅ 45,820원 (옥션)
   📊 52개 쇼핑몰, 가격 범위: 45,820~112,630원

[64/2405] 📦 팸퍼스 2024 베이비 드라이 팬티형 5단계-공용
   pcode: 31989599
   ✅ 57,000원 (G마켓)
   📊 26개 쇼핑몰, 가격 범위: 57,000~109,900원

[65/2405] 📦 헤겐 애착젖병 PPSU 240ml
   pcode: 26454389
   ✅ 101,920원 (현대Hmall)
   📊 40개 쇼핑몰, 가격 범위: 101,920~156,920원

[66/2405] 📦 브라이텍스 듀얼픽스 플러스 아이사이즈 신생아 회전형 카시트
   pcode: 29625188
   ✅ 635,870원 (롯데홈쇼핑)
   📊 7개 쇼핑몰, 가격 범위: 635,870~950,000원

[67/2405] 📦 킨도 오슬림 에어 팬티형 5단계-공용
   pcode: 31274675
   ✅ 45,810원 (옥션)
   📊 31개 쇼핑몰, 가격 범위: 45,810~87,500원

[68/2405] 📦 순둥이 베이직 물티슈 리필형 80매
   pcode: 12483395
   ✅ 60,360원 (쿠팡)
   📊 4개 쇼핑몰, 가격 범위: 60,360~131,030원

[69/2405] 📦 모윰 올 실리콘 마카롱 쪽쪽이 (2단계)
   pcode: 26453225
   ✅ 13,830원 (롯데홈쇼핑)
   📊 34개 쇼핑몰, 가격 범위: 13,830~43,710원

[70/2405] 📦 테팔 인퓨자 BJ800D
   pcode: 7545871
   ✅ 89,240원 (옥션)
   📊 40개 쇼핑몰, 가격 범위: 89,240~129,000원

   ⏱️ 진행률: 2.9% | 속도: 0.05개/초 | 남은 시간: 852분


[71/2405] 📦 에센루 도노도노 패밀리 멀티 범퍼침대 패밀리킹
   pcode: 5777723
   ✅ 410,710원 (G마켓)
   📊 15개 쇼핑몰, 가격 범위: 410,710~602,910원

[72/2405] 📦 싸이벡스 레모 4-in-1 하이체어
   pcode: 21527855
   ✅ 783,000원 (신세계몰)
   📊 15개 쇼핑몰, 가격 범위: 783,000~1,615,900원

[73/2405] 📦 잉글레시나 2024 앱티카 프리미엄 절충형 유모차
   pcode: 37938293
   ✅ 1,315,000원 (SSG.COM)
   📊 6개 쇼핑몰, 가격 범위: 1,315,000~1,353,000원

[74/2405] 📦 부가부 폭스 5 리뉴 디럭스 유모차
   pcode: 90163973
   ✅ 2,106,000원 (SSG.COM)
   📊 5개 쇼핑몰, 가격 범위: 2,106,000~2,185,000원

[75/2405] 📦 한샘 샘키즈 높이조절형 키즈 책상
   pcode: 57291548
   ✅ 125,000원 (한샘몰)
   📊 9개 쇼핑몰, 가격 범위: 125,000~156,000원

[76/2405] 📦 부가부 동키5 트윈
   pcode: 20802446
   ✅ 2,736,000원 (쿠팡)
   📊 5개 쇼핑몰, 가격 범위: 2,736,000~2,780,000원

[77/2405] 📦 비세이프 스트레치 B 카시트
   pcode: 21696824
   ✅ 1,030,000원 (쿠팡)
   📊 4개 쇼핑몰, 가격 범위: 1,030,000~1,331,550원

[78/2405] 📦 스토케 요요3 프리미엄 휴대용 유모차
   pcode: 75941156
   ✅ 716,000원 (롯데백화점)
   📊 34개 쇼핑몰, 가격 범위: 716,000~716,000원

[79/2405] 📦 EFM ipTIME C400G
   pcode: 92968913
   ✅ 24,900원 (11번가)
   📊 73개 쇼핑몰, 가격 범위: 24,900~59,680원

[80/2405] 📦 브라운 써모스캔 IRT-6510
   pcode: 5921357
   ✅ 63,360원 (옥션)
   📊 100개 쇼핑몰, 가격 범위: 63,360~101,300원

   ⏱️ 진행률: 3.3% | 속도: 0.05개/초 | 남은 시간: 856분


[81/2405] 📦 소아21 코끼리 뺑코 콧물흡인기
   pcode: 20845907
   ✅ 2,680원 (G마켓)
   📊 46개 쇼핑몰, 가격 범위: 2,680~9,350원

[82/2405] 📦 보솜이 리얼코튼 오가니크 밴드형 소형-공용
   pcode: 21225191
   ✅ 41,310원 (옥션)
   📊 4개 쇼핑몰, 가격 범위: 41,310~43,610원

[83/2405] 📦 나비잠 시그니처 팬티형 대형-공용
   pcode: 21238580
   ✅ 53,700원 (G마켓)
   📊 17개 쇼핑몰, 가격 범위: 53,700~75,860원

[84/2405] 📦 하기스 2022 보송보송 팬티형 5단계-공용
   pcode: 26411552
   ✅ 110,000원 (쿠팡)
   📊 6개 쇼핑몰, 가격 범위: 110,000~140,500원

[85/2405] 📦 모윰 안심코팅 노꼭지 유리젖병 150ml 트리플팩
   pcode: 26449325
   ✅ 62,720원 (11번가)
   📊 12개 쇼핑몰, 가격 범위: 62,720~79,380원

[86/2405] 📦 압타밀 프로푸트라 듀오 어드밴스 프레 800g (해외구매)
   pcode: 28652894
   ✅ 193,000원 (쿠팡)
   📊 35개 쇼핑몰, 가격 범위: 193,000~350,000원

[87/2405] 📦 버들 버들맘마 자동분유제조기 SMART
   pcode: 19450862
   ✅ 508,000원 (G마켓)
   📊 9개 쇼핑몰, 가격 범위: 508,000~789,850원

[88/2405] 📦 일룸 피코 어린이의자
   pcode: 4166916
   ✅ 169,000원 (오늘의 집)
   📊 6개 쇼핑몰, 가격 범위: 169,000~169,000원

[89/2405] 📦 클렉 올리 부스터 ISOFIX 카시트
   pcode: 20787266
   ✅ 140,060원 (옥션)
   📊 1개 쇼핑몰, 가격 범위: 140,060~140,060원

[90/2405] 📦 마미포코 2026 슈퍼컴포트 팬티형 4단계-남아용
   pcode: 96371084
   ✅ 43,900원 (쿠팡)
   📊 1개 쇼핑몰, 가격 범위: 43,900~43,900원

   ⏱️ 진행률: 3.7% | 속도: 0.05개/초 | 남은 시간: 857분


[91/2405] 📦 킨도 오슬림 베베가드 밴드형 2단계-공용
   pcode: 71222384
   ✅ 115,250원 (쿠팡)
   📊 4개 쇼핑몰, 가격 범위: 115,250~230,150원

[92/2405] 📦 리안 리안 프라임 맥스 오토폴딩 휴대용 유모차
   pcode: 77466401
   ✅ 468,000원 (롯데홈쇼핑)
   📊 3개 쇼핑몰, 가격 범위: 468,000~478,000원

[93/2405] 📦 순둥이 베이직 물티슈 캡형 80매
   pcode: 12565520
   ✅ 49,680원 (쿠팡)
   📊 5개 쇼핑몰, 가격 범위: 49,680~104,310원

[94/2405] 📦 쭈쭈베이비 모유훈련젖꼭지 유두보호기 Free Size 1개
   pcode: 26451956
   ✅ 6,300원 (쿠팡)
   📊 1개 쇼핑몰, 가격 범위: 6,300~6,300원

[95/2405] 📦 키친아트 KSJ-1800DTP
   pcode: 58838432
   ✅ 45,800원 (G마켓)
   📊 2개 쇼핑몰, 가격 범위: 45,800~45,800원

[96/2405] 📦 치코 넥스투미 매직 사이드 흔들침대
   pcode: 11355834
   ✅ 141,110원 (11번가)
   📊 26개 쇼핑몰, 가격 범위: 141,110~198,000원

[97/2405] 📦 부가부 지라프 하이체어 식탁의자+베이비 세트+트레이
   pcode: 21652319
   ✅ 578,000원 (SSG.COM)
   📊 26개 쇼핑몰, 가격 범위: 578,000~608,000원

[98/2405] 📦 제이월드산업 알집매트 에그빈백
   pcode: 4222940
   ✅ 87,000원 (쿠팡)
   📊 8개 쇼핑몰, 가격 범위: 87,000~108,870원

[99/2405] 📦 리안 솔로 절충형 유모차 제트 블랙
   pcode: 26458319
   ✅ 598,000원 (쿠팡)
   📊 4개 쇼핑몰, 가격 범위: 598,000~649,900원

[100/2405] 📦 오르빗베이비 G5 유모차
   pcode: 20816093
   ✅ 1,290,000원 (CJ온스타일)
   📊 14개 쇼핑몰, 가격 범위: 1,290,000~1,722,720원

   ⏱️ 진행률: 4.2% | 속도: 0.05개/초 | 남은 시간: 843분


[101/2405] 📦 일룸 팅클팝 직사각형 그로잉책상
   pcode: 12968303
   ✅ 179,000원 (쿠팡)
   📊 15개 쇼핑몰, 가격 범위: 179,000~243,300원

[102/2405] 📦 리안 트윈 쌍둥이 절충형 유모차
   pcode: 20809808
   ✅ 388,000원 (CJ온스타일)
   📊 22개 쇼핑몰, 가격 범위: 388,000~565,900원

[103/2405] 📦 토드비 세이피 그룹1 어린이 통학차량 안전벨트 평가인증카시트
   pcode: 20823800
   ✅ 140,000원 (옥션)
   📊 2개 쇼핑몰, 가격 범위: 140,000~140,000원

[104/2405] 📦 다이치 블리바 이노픽스 주니어 (ISOFIX)
   pcode: 20796185
   ✅ 88,000원 (쿠팡)
   📊 2개 쇼핑몰, 가격 범위: 88,000~163,800원

[105/2405] 📦 순성산업 듀클 캐리 신생아 카시트
   pcode: 20815100
   ✅ 169,000원 (CJ온스타일)
   📊 2개 쇼핑몰, 가격 범위: 169,000~169,000원

[106/2405] 📦 TP-LINK Tapo C510W
   pcode: 20624573
   ✅ 71,900원 (쿠팡)
   📊 56개 쇼핑몰, 가격 범위: 71,900~129,900원

[107/2405] 📦 녹십자MS TS-7
   pcode: 152270
   ✅ 26,400원 (옥션)
   📊 78개 쇼핑몰, 가격 범위: 26,400~68,540원

[108/2405] 📦 노시부 호환 필터 프로 콧물흡입기 호환 필터 구디필터 20장
   pcode: 39926342
   ✅ 8,900원 (쿠팡)
   📊 2개 쇼핑몰, 가격 범위: 8,900~11,900원

[109/2405] 📦 보솜이 NEW 메가드라이 팬티형 3단계-공용
   pcode: 95934959
   ✅ 33,060원 (옥션)
   📊 65개 쇼핑몰, 가격 범위: 33,060~43,030원

[110/2405] 📦 팸퍼스 2025 통잠팬티 팬티형 4단계-공용
   pcode: 74816174
   ✅ 49,590원 (G마켓)
   📊 73개 쇼핑몰, 가격 범위: 49,590~73,900원

   ⏱️ 진행률: 4.6% | 속도: 0.05개/초 | 남은 시간: 838분


[111/2405] 📦 나비잠 울트라씬 듀얼핏 팬티형 대형-공용
   pcode: 21219647
   ✅ 51,420원 (G마켓)
   📊 7개 쇼핑몰, 가격 범위: 51,420~54,800원

[112/2405] 📦 하기스 2024 네이처메이드 밤부 팬티형 4단계-남아용
   pcode: 37297370
   ✅ 52,600원 (쿠팡)
   📊 38개 쇼핑몰, 가격 범위: 52,600~100,340원

[113/2405] 📦 뢰벤짠 오가닉스 프리미어 1단계 800g
   pcode: 75863282
   ✅ 45,130원 (G마켓)
   📊 19개 쇼핑몰, 가격 범위: 45,130~94,900원

[114/2405] 📦 데비하우스 DB-MK7
   pcode: 77618570
   ✅ 69,000원 (쿠팡)
   📊 30개 쇼핑몰, 가격 범위: 69,000~199,000원

[115/2405] 📦 폴레드 볼픽스 프로 컴포트 주니어 카시트(ISOFIX)
   pcode: 20835761
   ✅ 294,430원 (SSG.COM)
   📊 3개 쇼핑몰, 가격 범위: 294,430~309,430원

[116/2405] 📦 토드비 코쿤 엠플러스 부스터 ISOFIX 카시트
   pcode: 20810063
   ✅ 95,550원 (롯데홈쇼핑)
   📊 16개 쇼핑몰, 가격 범위: 95,550~130,000원

[117/2405] 📦 마미포코 피부온기케어 팬티형-남아용
   pcode: 21219110
   ✅ 34,690원 (G마켓)
   📊 1개 쇼핑몰, 가격 범위: 34,690~34,690원

[118/2405] 📦 헤겐 애착젖병 PPSU 150ml
   pcode: 20848475
   ✅ 60,190원 (롯데홈쇼핑)
   📊 27개 쇼핑몰, 가격 범위: 60,190~125,800원

[119/2405] 📦 쿠잉 베러 오리지널 팬티형 기저귀 키즈형-공용
   pcode: 92049059
   ✅ 23,410원 (쿠팡)
   📊 20개 쇼핑몰, 가격 범위: 23,410~38,910원

[120/2405] 📦 브라운 러브 빌리프 골드 아이보리 물티슈 캡형 70매
   pcode: 18967676
   ✅ 37,800원 (쿠팡)
   📊 6개 쇼핑몰, 가격 범위: 37,800~100,220원

   ⏱️ 진행률: 5.0% | 속도: 0.05개/초 | 남은 시간: 840분


[121/2405] 📦 더블하트 소프트터치 모유실감 3세대 젖꼭지 2개입
   pcode: 28099586
   ✅ 10,670원 (옥션)
   📊 16개 쇼핑몰, 가격 범위: 10,670~16,340원

[122/2405] 📦 보르르 B17-505
   pcode: 10371804
   ✅ 89,000원 (쿠팡)
   📊 1개 쇼핑몰, 가격 범위: 89,000~89,000원

[123/2405] 📦 에센루 도노도노 먼지제로 라운드 범퍼침대
   pcode: 18140708
   ✅ 273,370원 (G마켓)
   📊 22개 쇼핑몰, 가격 범위: 273,370~434,870원

[124/2405] 📦 디홀릭 토리 신형 4단계 높이조절 원목 의자
   pcode: 13654022
   ✅ 39,900원 (G마켓)
   📊 4개 쇼핑몰, 가격 범위: 39,900~99,900원

[125/2405] 📦 도노도노 맘마존 아기 이유식의자 하이체어+쿠션 세트
   pcode: 34423742
   ✅ 187,060원 (G마켓)
   📊 16개 쇼핑몰, 가격 범위: 187,060~287,550원

[126/2405] 📦 이케아 STRANDMON 비슬레 패브릭 어린이 소파 1인용
   pcode: 7929895
   ✅ 194,880원 (쿠팡)
   📊 24개 쇼핑몰, 가격 범위: 194,880~288,700원

[127/2405] 📦 싸이벡스 The New 프리암 4.0 디럭스형 유모차
   pcode: 78390083
   ✅ 2,080,000원 (현대Hmall)
   📊 4개 쇼핑몰, 가격 범위: 2,080,000~2,130,000원

[128/2405] 📦 뉴나 마그네틱 버클 믹스넥스트 디럭스 유모차
   pcode: 55047374
   ✅ 1,280,000원 (쿠팡)
   📊 1개 쇼핑몰, 가격 범위: 1,280,000~1,280,000원

[129/2405] 📦 리빙코디 뽀로로 한글공부 하이그로시 L 캐릭터 공부상 800
   pcode: 7493749
   ✅ 33,900원 (쿠팡)
   📊 1개 쇼핑몰, 가격 범위: 33,900~33,900원

[130/2405] 📦 에어보스 소보 쌍둥이 유모차
   pcode: 21192014
   ✅ 336,000원 (쿠팡)
   📊 8개 쇼핑몰, 가격 범위: 336,000~399,000원

   ⏱️ 진행률: 5.4% | 속도: 0.05개/초 | 남은 시간: 830분


[131/2405] 📦 리안 그램플러스 기내반입형 휴대용 유모차
   pcode: 20799044
   ✅ 250,000원 (신세계몰)
   📊 4개 쇼핑몰, 가격 범위: 250,000~499,000원

[132/2405] 📦 브라이텍스 어드밴스픽스 프로 아이사이즈 토들러 주니어 카시트 (ISOFIX)
   pcode: 76075208
   ✅ 595,000원 (CJ온스타일)
   📊 22개 쇼핑몰, 가격 범위: 595,000~890,000원

[133/2405] 📦 에어보스 신생아 다기능 인펜트 바구니 카시트
   pcode: 48484772
   ✅ 79,800원 (쿠팡)
   📊 1개 쇼핑몰, 가격 범위: 79,800~79,800원

[134/2405] 📦 오므론 MC-523
   pcode: 2671473
   ✅ 36,900원 (G마켓)
   📊 49개 쇼핑몰, 가격 범위: 36,900~79,680원

[135/2405] 📦 TP-LINK Tapo C220
   pcode: 27783323
   ✅ 43,900원 (쿠팡)
   📊 100개 쇼핑몰, 가격 범위: 43,900~113,959원

[136/2405] 📦 소아21 소아21 코끼리뺑코 신형 콧물흡입기
   pcode: 26611112
   ✅ 9,300원 (쿠팡)
   📊 6개 쇼핑몰, 가격 범위: 9,300~37,400원

[137/2405] 📦 보솜이 리얼코튼 오가니크 밴드형 신생아용-공용
   pcode: 21665408
   ✅ 41,310원 (G마켓)
   📊 4개 쇼핑몰, 가격 범위: 41,310~43,610원

[138/2405] 📦 팸퍼스 2025 엔젤브리즈 팬티형 5단계-공용
   pcode: 92629403
   ✅ 82,100원 (11번가)
   📊 21개 쇼핑몰, 가격 범위: 82,100~139,180원

[139/2405] 📦 나비잠 매직소프트 팬티형 5단계 특대형-공용
   pcode: 21217964
   ✅ 45,240원 (11번가)
   📊 4개 쇼핑몰, 가격 범위: 45,240~58,200원

[140/2405] 📦 하기스 2021 굿나이트 안심팬티-여아용
   pcode: 21226784
   ✅ 49,000원 (쿠팡)
   📊 66개 쇼핑몰, 가격 범위: 49,000~78,290원

   ⏱️ 진행률: 5.8% | 속도: 0.05개/초 | 남은 시간: 819분


[141/2405] 📦 Hipp 힙 콤비오틱 유기농 2단계 800g
   pcode: 21213410
   ✅ 122,310원 (현대Hmall)
   📊 42개 쇼핑몰, 가격 범위: 122,310~261,250원

[142/2405] 📦 닥터브라운 와이드넥 옵션스 플러스 데코 PP 젖병 270ml
   pcode: 26487539
   ✅ 21,830원 (쿠팡)
   📊 5개 쇼핑몰, 가격 범위: 21,830~27,800원

[143/2405] 📦 에그 2025 에그 스카이 에이로 기내반입 유모차 휴대용
   pcode: 76514957
   ✅ 560,500원 (롯데ON)
   📊 5개 쇼핑몰, 가격 범위: 560,500~590,000원

[144/2405] 📦 다이치 올인원 360 아이사이즈 카시트
   pcode: 56163368
   ✅ 660,000원 (쿠팡)
   📊 2개 쇼핑몰, 가격 범위: 660,000~670,000원

[145/2405] 📦 페넬로페 2025 뉴 미라클 올데이 팬티형 5단계-공용
   pcode: 79564634
   ✅ 87,800원 (쿠팡)
   📊 1개 쇼핑몰, 가격 범위: 87,800~87,800원

[146/2405] 📦 케이마스크 네이처 그린 에코 프리미엄 물티슈 캡형 70매
   pcode: 25674752
   ✅ 24,480원 (현대Hmall)
   📊 8개 쇼핑몰, 가격 범위: 24,480~53,960원

[147/2405] 📦 코멜리 CYK-1202SP
   pcode: 91117529
   ✅ 119,000원 (네이버)
   📊 11개 쇼핑몰, 가격 범위: 119,000~174,600원

[148/2405] 📦 그린핑거 베베그로우 젖꼭지 2개입
   pcode: 20784929
   ✅ 8,503원 (SSG.COM)
   📊 69개 쇼핑몰, 가격 범위: 8,503~20,970원

[149/2405] 📦 보랄 BR-P30L
   pcode: 19970240
   ✅ 73,260원 (SK스토아)
   📊 35개 쇼핑몰, 가격 범위: 73,260~351,840원

[150/2405] 📦 에센루 도노도노 튼튼 하이가드 멀티 범퍼침대+순면패드
   pcode: 11443254
   ✅ 402,350원 (SSG.COM)
   📊 4개 쇼핑몰, 가격 범위: 402,350~450,670원

   ⏱️ 진행률: 6.2% | 속도: 0.05개/초 | 남은 시간: 819분


[151/2405] 📦 일룸 아띠아이R 유아의자
   pcode: 58912157
   ✅ 75,000원 (오늘의 집)
   📊 4개 쇼핑몰, 가격 범위: 75,000~75,000원

[152/2405] 📦 이케아 ANTILOP 유아용 식탁의자+트레이
   pcode: 9899415
   ✅ 39,130원 (11번가)
   📊 12개 쇼핑몰, 가격 범위: 39,130~65,900원

[153/2405] 📦 디자인스킨 플레이테이블 가죽 유아소파
   pcode: 10124703
   ✅ 198,000원 (롯데ON)
   📊 7개 쇼핑몰, 가격 범위: 198,000~353,090원

[154/2405] 📦 다이치 다이치 더 스페이스 휴대용 유모차
   pcode: 75940439
   ✅ 400,000원 (쿠팡)
   📊 10개 쇼핑몰, 가격 범위: 400,000~619,500원

[155/2405] 📦 에그 에그2 하이엔드 디럭스 유모차
   pcode: 40587929
   ✅ 2,750,000원 (쿠팡)
   📊 1개 쇼핑몰, 가격 범위: 2,750,000~2,750,000원

[156/2405] 📦 윌로우 토토 좌식 책상
   pcode: 68441456
   ✅ 27,900원 (오늘의 집)
   📊 12개 쇼핑몰, 가격 범위: 27,900~43,580원

[157/2405] 📦 부가부 동키5 듀오
   pcode: 21656192
   ✅ 2,466,000원 (SSG.COM)
   📊 6개 쇼핑몰, 가격 범위: 2,466,000~2,580,000원

[158/2405] 📦 폴레드 휴대용카시트 레이서
   pcode: 27510293
   ✅ 208,390원 (쿠팡)
   📊 23개 쇼핑몰, 가격 범위: 208,390~4,743,420원

[159/2405] 📦 싸이벡스 솔루션 티 플러스 아이사이즈 주니어 카시트
   pcode: 29497466
   ✅ 576,000원 (SSG.COM)
   📊 5개 쇼핑몰, 가격 범위: 576,000~640,000원

[160/2405] 📦 TP-LINK Tapo C200
   pcode: 10863147
   ✅ 32,400원 (쿠팡)
   📊 48개 쇼핑몰, 가격 범위: 32,400~134,700원

   ⏱️ 진행률: 6.7% | 속도: 0.05개/초 | 남은 시간: 815분


[161/2405] 📦 브라운 써모스캔 IRT-6520
   pcode: 3236270
   ✅ 87,340원 (G마켓)
   📊 64개 쇼핑몰, 가격 범위: 87,340~221,210원

[162/2405] 📦 큐리더 닥터헬퍼 콧물쏙 콧물 흡인기
   pcode: 26611019
   ✅ 6,050원 (쿠팡)
   📊 4개 쇼핑몰, 가격 범위: 6,050~6,300원

[163/2405] 📦 보솜이 리얼코튼 오가니크 팬티형 특대형-여아용
   pcode: 21225356
   ✅ 41,310원 (G마켓)
   📊 11개 쇼핑몰, 가격 범위: 41,310~66,630원

[164/2405] 📦 팸퍼스 2025 터치오브네이처 밴드형 2단계-공용
   pcode: 90705995
   ✅ 59,000원 (쿠팡)
   📊 8개 쇼핑몰, 가격 범위: 59,000~83,900원

[165/2405] 📦 마미포코 꿀잠팬티 팬티형 4단계-공용
   pcode: 21210578
   ✅ 49,500원 (쿠팡)
   📊 39개 쇼핑몰, 가격 범위: 49,500~86,480원

[166/2405] 📦 나비잠 울트라씬 듀얼핏 팬티형 키즈형-공용
   pcode: 21218786
   ✅ 51,420원 (G마켓)
   📊 8개 쇼핑몰, 가격 범위: 51,420~56,100원

[167/2405] 📦 하기스 2024 네이처메이드 팬티형 4단계-여아용
   pcode: 37830953
   ✅ 51,330원 (쿠팡)
   📊 41개 쇼핑몰, 가격 범위: 51,330~99,900원

[168/2405] 📦 와이어스 일루마 2단계 810g
   pcode: 52267436
   ✅ 195,780원 (쿠팡)
   📊 16개 쇼핑몰, 가격 범위: 195,780~441,140원

[169/2405] 📦 부가부 폭스5 디럭스 유모차
   pcode: 26450555
   ✅ 2,071,000원 (CJ온스타일)
   📊 2개 쇼핑몰, 가격 범위: 2,071,000~2,080,000원

[170/2405] 📦 모윰 실리콘 코팅 유리 젖병 150ml (노꼭지)
   pcode: 74057975
   ✅ 67,070원 (11번가)
   📊 25개 쇼핑몰, 가격 범위: 67,070~105,710원

   ⏱️ 진행률: 7.1% | 속도: 0.05개/초 | 남은 시간: 810분


[171/2405] 📦 마미포코 에어핏 공기솔솔 팬티형 4단계-여아용
   pcode: 21225221
   ✅ 44,070원 (현대Hmall)
   📊 2개 쇼핑몰, 가격 범위: 44,070~149,900원

[172/2405] 📦 순둥이 프리미엄 엠보싱 물티슈 캡형 70매
   pcode: 1225945
   ✅ 20,690원 (쿠팡)
   📊 56개 쇼핑몰, 가격 범위: 20,690~41,410원

[173/2405] 📦 에디슨 플러스 BBR1001-CB
   pcode: 101628818
   ✅ 149,000원 (쿠팡)
   📊 1개 쇼핑몰, 가격 범위: 149,000~149,000원

[174/2405] 📦 더블하트 소프트터치 모유실감 3세대 젖꼭지 6개입
   pcode: 26458223
   ✅ 30,680원 (G마켓)
   📊 4개 쇼핑몰, 가격 범위: 30,680~45,820원

[175/2405] 📦 키친아트 소렐 KIA-EK15
   pcode: 17202170
   ✅ 42,000원 (쿠팡)
   📊 31개 쇼핑몰, 가격 범위: 42,000~73,000원

[176/2405] 📦 비비엔다 아기 특대형 범퍼침대
   pcode: 12306350
   ✅ 241,080원 (G마켓)
   📊 8개 쇼핑몰, 가격 범위: 241,080~369,000원

[177/2405] 📦 야마토야 노스타3 의자 원목 유아 아기 높이조절 의자
   pcode: 28113434
   ✅ 47,530원 (쿠팡)
   📊 14개 쇼핑몰, 가격 범위: 47,530~56,000원

[178/2405] 📦 베이비캠프 유아용 내츄럴 식탁의자
   pcode: 11263080
   ✅ 67,890원 (11번가)
   📊 64개 쇼핑몰, 가격 범위: 67,890~184,870원

[179/2405] 📦 디자인스킨 터널플러스 유아 가죽 소파 1인용
   pcode: 21546683
   ✅ 139,000원 (CJ온스타일)
   📊 5개 쇼핑몰, 가격 범위: 139,000~176,800원

[180/2405] 📦 잉글레시나 일렉타 프리미엄 절충형 유모차
   pcode: 52162529
   ✅ 1,035,000원 (SSG.COM)
   📊 8개 쇼핑몰, 가격 범위: 1,035,000~1,070,000원

   ⏱️ 진행률: 7.5% | 속도: 0.05개/초 | 남은 시간: 809분


[181/2405] 📦 야마토야 노스타3 원목 책상 의자 세트
   pcode: 28113524
   ✅ 239,590원 (신세계몰)
   📊 7개 쇼핑몰, 가격 범위: 239,590~266,400원

[182/2405] 📦 쿨키즈 T3 쌍둥이 유모차
   pcode: 20818172
   ✅ 205,000원 (11번가)
   📊 1개 쇼핑몰, 가격 범위: 205,000~205,000원

[183/2405] 📦 세경사 마블 휴대용카시트 간편슬림형
   pcode: 20823788
   ✅ 59,700원 (11번가)
   📊 11개 쇼핑몰, 가격 범위: 59,700~69,000원

[184/2405] 📦 리안 2025 프라임 맥스 오토폴딩 휴대용 유모차
   pcode: 90163964
   ✅ 588,000원 (쿠팡)
   📊 1개 쇼핑몰, 가격 범위: 588,000~588,000원

[185/2405] 📦 브라이텍스 키드픽스 아이사이즈 일체형 주니어 카시트
   pcode: 39777599
   ✅ 513,910원 (롯데홈쇼핑)
   📊 4개 쇼핑몰, 가격 범위: 513,910~575,650원

[186/2405] 📦 TP-LINK Tapo C425 KIT
   pcode: 65208686
   ✅ 139,000원 (쿠팡)
   📊 39개 쇼핑몰, 가격 범위: 139,000~356,530원

[187/2405] 📦 휴비딕 HET-3100
   pcode: 101196020
   ✅ 47,080원 (G마켓)
   📊 5개 쇼핑몰, 가격 범위: 47,080~98,970원

[188/2405] 📦 예꼬맘 예꼬맘 예꼬맘 노스클린업 의료용 아기 콧물흡입기 NS17
   pcode: 26578535
   ✅ 39,800원 (쿠팡)
   📊 3개 쇼핑몰, 가격 범위: 39,800~54,500원

[189/2405] 📦 보솜이 리얼코튼 오가니크 팬티형 대형-공용
   pcode: 95060783
   ✅ 36,840원 (옥션)
   📊 86개 쇼핑몰, 가격 범위: 36,840~66,480원

[190/2405] 📦 팸퍼스 베이비드라이 밴드형 2단계-공용
   pcode: 21233957
   ✅ 45,520원 (쿠팡)
   📊 40개 쇼핑몰, 가격 범위: 45,520~85,610원

   ⏱️ 진행률: 7.9% | 속도: 0.05개/초 | 남은 시간: 803분


[191/2405] 📦 나비잠 시그니처 팬티형 특대형-공용
   pcode: 21238607
   ✅ 53,710원 (G마켓)
   📊 8개 쇼핑몰, 가격 범위: 53,710~76,000원

[192/2405] 📦 하기스 2024 네이처메이드 팬티형 6단계-여아용
   pcode: 37830713
   ✅ 94,200원 (쿠팡)
   📊 12개 쇼핑몰, 가격 범위: 94,200~174,900원

[193/2405] 📦 킨도 오슬림 밴드형 4단계-공용
   pcode: 21228938
   ✅ 45,270원 (쿠팡)
   📊 31개 쇼핑몰, 가격 범위: 45,270~84,510원

[194/2405] 📦 허밍베베 HBAF-2402W
   pcode: 86098826
   ✅ 244,250원 (옥션)
   📊 44개 쇼핑몰, 가격 범위: 244,250~330,370원

[195/2405] 📦 스펙트라 흡입기세트/유축기부품/소모품/깔대기
   pcode: 39777839
   ✅ 9,500원 (쿠팡)
   📊 32개 쇼핑몰, 가격 범위: 9,500~19,000원

[196/2405] 📦 디홀릭 토리 오리지널 4단계 높이조절 원목 의자
   pcode: 13654328
   ✅ 33,900원 (네이버)
   📊 3개 쇼핑몰, 가격 범위: 33,900~36,900원

[197/2405] 📦 뉴나 믹스 디럭스 유모차
   pcode: 20834996
   ✅ 1,600,000원 (현대Hmall)
   📊 3개 쇼핑몰, 가격 범위: 1,600,000~1,600,000원

[198/2405] 📦 하이비 실리콘 콧물흡입기1P 콧물흡입기 1개 1개
   pcode: 28001498
   ✅ 9,390원 (옥션)
   📊 18개 쇼핑몰, 가격 범위: 9,390~19,000원

[199/2405] 📦 팸퍼스 2025 에어차차 썸머 팬티형 6단계-공용
   pcode: 78536279
   ✅ 89,900원 (CJ온스타일)
   📊 1개 쇼핑몰, 가격 범위: 89,900~89,900원

[200/2405] 📦 하기스 2022 보송보송 팬티형 6단계-공용
   pcode: 21230852
   ✅ 76,890원 (쿠팡)
   📊 22개 쇼핑몰, 가격 범위: 76,890~166,770원

   ⏱️ 진행률: 8.3% | 속도: 0.05개/초 | 남은 시간: 799분


[201/2405] 📦 꿈토리 뉴 넉넉한 점프 물티슈 캡형 100매
   pcode: 16102595
   ✅ 9,860원 (롯데ON)
   📊 12개 쇼핑몰, 가격 범위: 9,860~20,000원

[202/2405] 📦 매일유업 2023 앱솔루트 센서티브 1단계 900g
   pcode: 34746860
   ✅ 192,960원 (쿠팡)
   📊 13개 쇼핑몰, 가격 범위: 192,960~270,700원

[203/2405] 📦 더블하트 신 모유실감 젖꼭지 L사이즈 2P
   pcode: 20794781
   ✅ 9,810원 (G마켓)
   📊 3개 쇼핑몰, 가격 범위: 9,810~42,100원

[204/2405] 📦 LINSHU SY-618
   pcode: 45257933
   ✅ 25,900원 (쿠팡)
   📊 3개 쇼핑몰, 가격 범위: 25,900~42,000원

[205/2405] 📦 아도라하우스 퀼팅 범퍼침대
   pcode: 11493003
   ✅ 155,480원 (옥션)
   📊 4개 쇼핑몰, 가격 범위: 155,480~164,270원

[206/2405] 📦 리바트 꼼므 유아책상
   pcode: 5660548
   ✅ 128,250원 (오늘의 집)
   📊 4개 쇼핑몰, 가격 범위: 128,250~283,540원

[207/2405] 📦 야마토야 아펠 트레이 하이체어 식탁의자
   pcode: 12564539
   ✅ 304,000원 (CJ온스타일)
   📊 2개 쇼핑몰, 가격 범위: 304,000~329,900원

[208/2405] 📦 아이앤에스 뒹굴러 가죽 소파 1인용+블랑코 테이블
   pcode: 74490215
   ✅ 89,300원 (쿠팡)
   📊 49개 쇼핑몰, 가격 범위: 89,300~203,910원

[209/2405] 📦 싸이벡스 멜리오 카본 3.0 초경량 절충형 유모차
   pcode: 29496857
   ✅ 864,000원 (신세계몰)
   📊 3개 쇼핑몰, 가격 범위: 864,000~910,000원

[210/2405] 📦 마루스 리프 쌍둥이 가드 2인용
   pcode: 26454167
   ✅ 20,000원 (쿠팡)
   📊 1개 쇼핑몰, 가격 범위: 20,000~20,000원

   ⏱️ 진행률: 8.7% | 속도: 0.05개/초 | 남은 시간: 794분


[211/2405] 📦 와이업 2024 기내반입 휴대용 유모차 지니에스
   pcode: 52267625
   ✅ 468,000원 (쿠팡)
   📊 2개 쇼핑몰, 가격 범위: 468,000~468,000원

[212/2405] 📦 조이 아이트래버 시그니처 주니어 ISOFIX 카시트
   pcode: 21696899
   ✅ 268,000원 (이마트인터넷쇼핑몰)
   📊 2개 쇼핑몰, 가격 범위: 268,000~270,000원

[213/2405] 📦 EFM ipTIME C300
   pcode: 17806070
   ❌ Price extraction error: Error: Attempted to use detached Frame 'B1399FBFCABD7B505603F1F8B67D2590'.
    at CdpFrame.<anonymous> (/Users/levit/Desktop/babyitem_MVP/node_modules/puppeteer-core/src/util/decorators.ts:61:15)
    at CdpPage.evaluate (/Users/levit/Desktop/babyitem_MVP/node_modules/puppeteer-core/src/api/Page.ts:2334:35)
    at extractPrices (/Users/levit/Desktop/babyitem_MVP/lib/danawa/price-crawler.ts:183:16)
    at async fetchDanawaPrice (/Users/levit/Desktop/babyitem_MVP/lib/danawa/price-crawler.ts:297:81)
    at async updateDanawaPrices (/Users/levit/Desktop/babyitem_MVP/scripts/updateDanawaPrices.ts:191:22)
    at async main (/Users/levit/Desktop/babyitem_MVP/scripts/updateDanawaPrices.ts:263:5)
❌ [17806070] Crawl failed: Connection closed.
   ⚠️ 가격 정보 없음: Connection closed.

[214/2405] 📦 녹십자MS 그린케어 102E
   pcode: 6086674
   ✅ 32,540원 (G마켓)
   📊 41개 쇼핑몰, 가격 범위: 32,540~159,380원

[215/2405] 📦 보솜이 리얼코튼 오가니크 팬티형 특대형-공용
   pcode: 95060948
   ✅ 38,600원 (쿠팡)
   📊 48개 쇼핑몰, 가격 범위: 38,600~56,730원

[216/2405] 📦 마미포코 슈퍼컴포트 팬티형 5단계-공용
   pcode: 70773221
   ✅ 38,940원 (G마켓)
   📊 7개 쇼핑몰, 가격 범위: 38,940~102,630원

[217/2405] 📦 나비잠 매직소프트 밴드형 1단계 신생아용-공용
   pcode: 21210194
   ✅ 40,900원 (롯데ON)
   📊 3개 쇼핑몰, 가격 범위: 40,900~65,700원

[218/2405] 📦 네추럴블라썸 네추럴블라썸 슈퍼 소프트 팬티형 6단계-공용
   pcode: 71968925
   ✅ 43,900원 (쿠팡)
   📊 2개 쇼핑몰, 가격 범위: 43,900~73,790원

[219/2405] 📦 코넘 KONUMSW0025
   pcode: 86098589
   ✅ 189,000원 (쿠팡)
   📊 10개 쇼핑몰, 가격 범위: 189,000~451,310원

[220/2405] 📦 이엘퍼니처 레미 높이조절 어린이 의자
   pcode: 31373783
   ✅ 26,000원 (11번가)
   📊 8개 쇼핑몰, 가격 범위: 26,000~28,900원

   ⏱️ 진행률: 9.1% | 속도: 0.05개/초 | 남은 시간: 799분


[221/2405] 📦 이지워커 하비3 프리미엄 디럭스형 유모차
   pcode: 29495903
   ✅ 1,140,000원 (이랜드몰)
   📊 1개 쇼핑몰, 가격 범위: 1,140,000~1,140,000원

[222/2405] 📦 유유제약 유유제약 아이콧물 코따지 빼주는 피지오머 베이비 콧물흡입기
   pcode: 26433203
   ✅ 9,000원 (G마켓)
   📊 1개 쇼핑몰, 가격 범위: 9,000~9,000원

[223/2405] 📦 더블하트 트윈팩160ml+젖꼭지2입
   pcode: 20845727
   ✅ 21,490원 (G마켓)
   📊 100개 쇼핑몰, 가격 범위: 21,490~42,370원

[224/2405] 📦 스너글스 허니드림 기저귀 팬티형 특대형-공용
   pcode: 73698704
   ✅ 30,990원 (쿠팡)
   📊 1개 쇼핑몰, 가격 범위: 30,990~30,990원

[225/2405] 📦 프랑프랑 에코 오리지널 물티슈 캡형 70매
   pcode: 28053317
   ✅ 19,580원 (쿠팡)
   📊 1개 쇼핑몰, 가격 범위: 19,580~19,580원

[226/2405] 📦 일동후디스 2024 NEW 트루맘 뉴클래스 슈퍼프리미엄 1단계 800g
   pcode: 75932960
   ✅ 183,660원 (쿠팡)
   📊 1개 쇼핑몰, 가격 범위: 183,660~183,660원

[227/2405] 📦 모윰 리얼핏 젖꼭지 2ea 3개세트 단계 선택
   pcode: 26457146
   ⚠️ 가격 정보 없음: No price found

[228/2405] 📦 스위스밀리터리 SMA-MP1000L
   pcode: 77378594
   ✅ 49,200원 (쿠팡)
   📊 4개 쇼핑몰, 가격 범위: 49,200~220,110원

[229/2405] 📦 알레르망 알레르망베이비 베어트리 범퍼침대
   pcode: 10305975
   ✅ 334,290원 (옥션)
   📊 54개 쇼핑몰, 가격 범위: 334,290~436,790원

[230/2405] 📦 시디즈 몰티 헬로베이비 세트
   pcode: 11610302
   ✅ 389,000원 (SSG.COM)
   📊 7개 쇼핑몰, 가격 범위: 389,000~487,380원

   ⏱️ 진행률: 9.6% | 속도: 0.05개/초 | 남은 시간: 796분


[231/2405] 📦 서흥인터내셔날 코아코아 뒹굴러 가죽 소파 1인용
   pcode: 14826440
   ✅ 79,000원 (SSG.COM)
   📊 2개 쇼핑몰, 가격 범위: 79,000~79,000원

[232/2405] 📦 쉬크 SEEC 미뇽 양대면 오토폴딩 절충형 유모차 메도우 베이지
   pcode: 29497190
   ✅ 755,000원 (SSG.COM)
   📊 5개 쇼핑몰, 가격 범위: 755,000~770,000원

[233/2405] 📦 한샘 샘키즈 키즈테이블 라운드형+등받이 의자 세트
   pcode: 101633324
   ✅ 229,800원 (한샘몰)
   📊 7개 쇼핑몰, 가격 범위: 229,800~294,000원

[234/2405] 📦 베이블퓨어리 유아 트라이크 T4 휴대용 접이식 양대면 유모카
   pcode: 45323387
   ✅ 111,320원 (G마켓)
   📊 1개 쇼핑몰, 가격 범위: 111,320~111,320원

[235/2405] 📦 다이치 브이가드 주니어 ISOFIX 시즌2 프리미엄
   pcode: 31450331
   ✅ 249,900원 (더현대닷컴)
   📊 12개 쇼핑몰, 가격 범위: 249,900~468,000원

[236/2405] 📦 EFM ipTIME C500G 2개
   pcode: 93697790
   ✅ 63,800원 (쿠팡)
   📊 29개 쇼핑몰, 가격 범위: 63,800~155,600원

[237/2405] 📦 이즈프로브 붐케어 BC-05
   pcode: 101194913
   ✅ 77,380원 (G마켓)
   📊 9개 쇼핑몰, 가격 범위: 77,380~231,870원

[238/2405] 📦 보솜이 액션핏 썸머 팬티형 6단계-공용
   pcode: 88253552
   ✅ 39,820원 (11번가)
   📊 83개 쇼핑몰, 가격 범위: 39,820~60,000원

[239/2405] 📦 팸퍼스 2025 통잠팬티 팬티형 6-7단계-공용
   pcode: 74816384
   ✅ 49,590원 (옥션)
   📊 75개 쇼핑몰, 가격 범위: 49,590~73,900원

[240/2405] 📦 마미포코 하이퍼드라이 팬티형 3단계-공용
   pcode: 65922107
   ✅ 39,780원 (G마켓)
   📊 45개 쇼핑몰, 가격 범위: 39,780~112,630원

   ⏱️ 진행률: 10.0% | 속도: 0.05개/초 | 남은 시간: 796분


[241/2405] 📦 나비잠 시그니처 팬티형 점보형-공용
   pcode: 21238637
   ✅ 53,710원 (옥션)
   📊 6개 쇼핑몰, 가격 범위: 53,710~76,000원

[242/2405] 📦 하기스 2025 맥스드라이 에어 팬티형 5단계-공용
   pcode: 79785521
   ✅ 91,050원 (쿠팡)
   📊 28개 쇼핑몰, 가격 범위: 91,050~188,210원

[243/2405] 📦 리바트 뚜뚜 높이조절 시바 냥이 아이 의자
   pcode: 16659614
   ✅ 116,800원 (오늘의 집)
   📊 7개 쇼핑몰, 가격 범위: 116,800~123,000원

[244/2405] 📦 치코 디럭스 어반플러스 유모차
   pcode: 20823611
   ✅ 211,800원 (옥션)
   📊 22개 쇼핑몰, 가격 범위: 211,800~436,050원

[245/2405] 📦 이알씨에듀케이션 벤틀리 트라이시클 뮬리너
   pcode: 21294236
   ✅ 581,560원 (11번가)
   📊 2개 쇼핑몰, 가격 범위: 581,560~581,570원

[246/2405] 📦 우진하이비 베베또 콧물흡입기
   pcode: 20807846
   ✅ 3,340원 (11번가)
   📊 2개 쇼핑몰, 가격 범위: 3,340~6,270원

[247/2405] 📦 마더케이 리필형 스펀지 젖병솔 리필3P
   pcode: 26492612
   ✅ 10,200원 (CJ온스타일)
   📊 8개 쇼핑몰, 가격 범위: 10,200~28,360원

[248/2405] 📦 베베숲 시그니처 블루 에코 물티슈 캡형 70매
   pcode: 28480331
   ✅ 72,200원 (쿠팡)
   📊 5개 쇼핑몰, 가격 범위: 72,200~117,930원

[249/2405] 📦 매일유업 앱솔루트 명작 2FL 1단계 800g
   pcode: 21229022
   ✅ 128,080원 (G마켓)
   📊 57개 쇼핑몰, 가격 범위: 128,080~253,600원

[250/2405] 📦 리하스 자동 분유제조기 KHV-001
   pcode: 21477329
   ✅ 12,660원 (G마켓)
   📊 6개 쇼핑몰, 가격 범위: 12,660~25,870원

   ⏱️ 진행률: 10.4% | 속도: 0.05개/초 | 남은 시간: 792분


[251/2405] 📦 모윰 올실리콘 마카롱 쪽쪽이 2개세트 (전용케이스 포함)
   pcode: 20793686
   ✅ 18,970원 (G마켓)
   📊 31개 쇼핑몰, 가격 범위: 18,970~40,700원

[252/2405] 📦 클래파 BEK-120P
   pcode: 75856535
   ✅ 48,030원 (G마켓)
   📊 29개 쇼핑몰, 가격 범위: 48,030~118,650원

[253/2405] 📦 꿈비 럭키스타 변신 범퍼침대
   pcode: 4654263
   ✅ 213,610원 (G마켓)
   📊 8개 쇼핑몰, 가격 범위: 213,610~276,440원

[254/2405] 📦 베이비캠프 조립식 레스토랑 유아 식탁의자
   pcode: 58913228
   ✅ 43,910원 (11번가)
   📊 60개 쇼핑몰, 가격 범위: 43,910~82,500원

[255/2405] 📦 뒹굴러 한샘몰 샘키즈 아기 가죽소파 1인용
   pcode: 12675047
   ✅ 70,371원 (신세계몰)
   📊 12개 쇼핑몰, 가격 범위: 70,371~86,230원

[256/2405] 📦 다이치 스무즈 절충형 유모차
   pcode: 20803283
   ✅ 488,000원 (쿠팡)
   📊 2개 쇼핑몰, 가격 범위: 488,000~488,000원

[257/2405] 📦 선진컴퍼니 포메리트 원목 레고 테이블+호환블럭판
   pcode: 14438183
   ✅ 102,600원 (11번가)
   📊 3개 쇼핑몰, 가격 범위: 102,600~126,000원

[258/2405] 📦 조이 아이스핀 360 아이사이즈 회전형 카시트 (ISOFIX)
   pcode: 58120205
   ✅ 578,000원 (이마트인터넷쇼핑몰)
   📊 4개 쇼핑몰, 가격 범위: 578,000~608,000원

[259/2405] 📦 TP-LINK VIGI C540V
   pcode: 20624192
   ✅ 110,200원 (옥션)
   📊 82개 쇼핑몰, 가격 범위: 110,200~162,130원

[260/2405] 📦 휴비딕 토미 오리지널 HET-1000
   pcode: 88197821
   ✅ 193,410원 (11번가)
   📊 2개 쇼핑몰, 가격 범위: 193,410~193,420원

   ⏱️ 진행률: 10.8% | 속도: 0.05개/초 | 남은 시간: 789분


[261/2405] 📦 보솜이 리얼코튼 오가니크 팬티형 중형-공용
   pcode: 95061086
   ✅ 36,840원 (옥션)
   📊 81개 쇼핑몰, 가격 범위: 36,840~57,190원

[262/2405] 📦 팸퍼스 2025 엔젤브리즈 팬티형 6-7단계-공용
   pcode: 92629412
   ✅ 57,000원 (쿠팡)
   📊 18개 쇼핑몰, 가격 범위: 57,000~91,280원

[263/2405] 📦 마미포코 슈퍼컴포트 팬티형 6단계-공용
   pcode: 78991970
   ✅ 60,810원 (쿠팡)
   📊 48개 쇼핑몰, 가격 범위: 60,810~122,690원

[264/2405] 📦 나비잠 울트라씬 듀얼핏 밴드형 대형-공용
   pcode: 21224603
   ✅ 55,060원 (G마켓)
   📊 7개 쇼핑몰, 가격 범위: 55,060~65,200원

[265/2405] 📦 하기스 2024 매직컴포트 팬티형 6단계-공용
   pcode: 47851763
   ✅ 78,900원 (쿠팡)
   📊 20개 쇼핑몰, 가격 범위: 78,900~170,900원

[266/2405] 📦 스너글스 허니드림 기저귀 팬티형 대형-공용
   pcode: 73698698
   ✅ 29,990원 (쿠팡)
   📊 2개 쇼핑몰, 가격 범위: 29,990~30,990원

[267/2405] 📦 스토케 뮤테이블 의자
   pcode: 40713863
   ✅ 133,000원 (쿠팡)
   📊 15개 쇼핑몰, 가격 범위: 133,000~133,000원

[268/2405] 📦 소아21 뻥코 신형/코세척기/뺑코/노즈비데/콧물흡입기
   pcode: 40587668
   ✅ 5,890원 (쿠팡)
   📊 6개 쇼핑몰, 가격 범위: 5,890~23,800원

[269/2405] 📦 에그 2 브론즈 에디션 디럭스 유모차 밍크
   pcode: 88253474
   ✅ 1,990,000원 (쿠팡)
   📊 1개 쇼핑몰, 가격 범위: 1,990,000~1,990,000원

[270/2405] 📦 더블하트 3세대 160ml 디자인 트윈팩2개 젖병4개 + 젖꼭지4개
   pcode: 26443166
   ✅ 46,060원 (동원몰)
   📊 11개 쇼핑몰, 가격 범위: 46,060~82,900원

   ⏱️ 진행률: 11.2% | 속도: 0.05개/초 | 남은 시간: 783분


[271/2405] 📦 마미포코 에어핏 공기솔솔 팬티형 6단계-여아용
   pcode: 21226094
   ✅ 44,900원 (G마켓)
   📊 2개 쇼핑몰, 가격 범위: 44,900~47,900원

[272/2405] 📦 네츄럴오가닉 프리미엄 엠보싱 휴대 캡형 30매
   pcode: 11754512
   ✅ 9,390원 (G마켓)
   📊 50개 쇼핑몰, 가격 범위: 9,390~12,060원

[273/2405] 📦 뉴오리진 A2 플래티넘 2단계 900g
   pcode: 29571557
   ✅ 178,650원 (옥션)
   📊 4개 쇼핑몰, 가격 범위: 178,650~225,500원

[274/2405] 📦 리하스 KHV-001
   pcode: 19432112
   ✅ 224,900원 (쿠팡)
   📊 24개 쇼핑몰, 가격 범위: 224,900~497,230원

[275/2405] 📦 유미 젖꼭지 2개입
   pcode: 20798357
   ✅ 9,900원 (쿠팡)
   📊 4개 쇼핑몰, 가격 범위: 9,900~17,000원

[276/2405] 📦 락앤락 EJC723
   pcode: 93915533
   ✅ 51,900원 (쿠팡)
   📊 10개 쇼핑몰, 가격 범위: 51,900~75,900원

[277/2405] 📦 비비엔다 한샘몰 샘키즈 아기 범퍼침대
   pcode: 12287195
   ✅ 278,070원 (한샘몰)
   📊 1개 쇼핑몰, 가격 범위: 278,070~278,070원

[278/2405] 📦 시디즈 트레보 어린이 식탁 학습용 공부의자
   pcode: 72304205
   ✅ 129,000원 (오늘의 집)
   📊 7개 쇼핑몰, 가격 범위: 129,000~158,600원

[279/2405] 📦 혜령맘소파 혜령맘 앙팡 유아소파
   pcode: 1585715
   ✅ 123,200원 (G마켓)
   📊 1개 쇼핑몰, 가격 범위: 123,200~123,200원

[280/2405] 📦 다이치 더 프라임 유모차
   pcode: 29496848
   ✅ 1,459,990원 (쿠팡)
   📊 1개 쇼핑몰, 가격 범위: 1,459,990~1,459,990원

   ⏱️ 진행률: 11.6% | 속도: 0.05개/초 | 남은 시간: 777분


[281/2405] 📦 한샘 샘키즈 플레이 책상 박스형
   pcode: 8756768
   ✅ 159,210원 (11번가)
   📊 11개 쇼핑몰, 가격 범위: 159,210~339,300원

[282/2405] 📦 베이비싱 에스고 V3 휴대용 유모차
   pcode: 20825519
   ✅ 77,110원 (G마켓)
   📊 5개 쇼핑몰, 가격 범위: 77,110~206,740원

[283/2405] 📦 다이치 이지캐리3 휴대용 카시트
   pcode: 77283251
   ✅ 249,000원 (CJ온스타일)
   📊 2개 쇼핑몰, 가격 범위: 249,000~335,500원

[284/2405] 📦 EFM ipTIME C500G 4개
   pcode: 99638693
   ✅ 137,600원 (쿠팡)
   📊 3개 쇼핑몰, 가격 범위: 137,600~287,200원

[285/2405] 📦 MS테크비전 애니템 귓속형 체온계
   pcode: 32838500
   ✅ 24,200원 (G마켓)
   📊 13개 쇼핑몰, 가격 범위: 24,200~50,130원

[286/2405] 📦 보솜이 액션핏 썸머 팬티형 4단계-공용
   pcode: 88253654
   ✅ 39,370원 (11번가)
   📊 75개 쇼핑몰, 가격 범위: 39,370~74,000원

[287/2405] 📦 팸퍼스 2025 엔젤브리즈 팬티형 4단계-공용
   pcode: 93447617
   ✅ 38,000원 (쿠팡)
   📊 9개 쇼핑몰, 가격 범위: 38,000~46,000원

[288/2405] 📦 나비잠 울트라씬 듀얼핏 밴드형 소형-공용
   pcode: 21224567
   ✅ 55,060원 (G마켓)
   📊 9개 쇼핑몰, 가격 범위: 55,060~84,800원

[289/2405] 📦 하기스 2025 네이처메이드 밤부 팬티형 4단계-여아용
   pcode: 98414861
   ✅ 184,740원 (G마켓)
   📊 5개 쇼핑몰, 가격 범위: 184,740~196,840원

[290/2405] 📦 킨도 오슬림 에어 팬티형 7단계-공용
   pcode: 32472659
   ✅ 49,560원 (옥션)
   📊 22개 쇼핑몰, 가격 범위: 49,560~84,600원

   ⏱️ 진행률: 12.1% | 속도: 0.05개/초 | 남은 시간: 771분


[291/2405] 📦 스와비넥스 제로 올실리콘 쪽쪽이
   pcode: 26453945
   ✅ 13,810원 (11번가)
   📊 29개 쇼핑몰, 가격 범위: 13,810~22,390원

[292/2405] 📦 리바트 뚜뚜 높이조절 의자
   pcode: 12725372
   ✅ 106,400원 (오늘의 집)
   📊 8개 쇼핑몰, 가격 범위: 106,400~112,000원

[293/2405] 📦 예꼬맘 노스클린 콧물흡입기 전용 연결구 + 콧물받이컵 + 흡입팁 소 + 흡입팁 대 + 고무링 세트 1세트
   pcode: 40025252
   ✅ 16,000원 (쿠팡)
   📊 1개 쇼핑몰, 가격 범위: 16,000~16,000원

[294/2405] 📦 모윰 실리콘 코팅 유리 젖병 240ml (노꼭지)
   pcode: 51565064
   ✅ 71,900원 (롯데ON)
   📊 9개 쇼핑몰, 가격 범위: 71,900~87,750원

[295/2405] 📦 오이스터 미니 플러스
   pcode: 29495837
   ✅ 672,560원 (G마켓)
   📊 16개 쇼핑몰, 가격 범위: 672,560~840,000원

[296/2405] 📦 나비잠 슈퍼드라이 팬티형 특대형-공용
   pcode: 74344055
   ✅ 46,490원 (11번가)
   📊 11개 쇼핑몰, 가격 범위: 46,490~87,990원

[297/2405] 📦 순둥이 베이직 무향 물티슈 휴대 리필형 20매
   pcode: 5487518
   ✅ 13,110원 (쿠팡)
   📊 50개 쇼핑몰, 가격 범위: 13,110~21,200원

[298/2405] 📦 매일유업 2021 앱솔루트 프리미엄 유기농 궁 2단계 800g
   pcode: 21225956
   ✅ 169,100원 (SSG.COM)
   📊 39개 쇼핑몰, 가격 범위: 169,100~315,630원

[299/2405] 📦 에이원 리안 드림콧 아기침대+기저귀교환대
   pcode: 18057506
   ✅ 290,000원 (CJ온스타일)
   📊 6개 쇼핑몰, 가격 범위: 290,000~334,000원

[300/2405] 📦 베이비캠프 유아용 접이식 원목 식탁의자
   pcode: 1597928
   ✅ 58,790원 (11번가)
   📊 56개 쇼핑몰, 가격 범위: 58,790~134,090원

   ⏱️ 진행률: 12.5% | 속도: 0.05개/초 | 남은 시간: 768분


[301/2405] 📦 포스아트 어린이 키즈소파
   pcode: 3130539
   ✅ 25,330원 (G마켓)
   📊 5개 쇼핑몰, 가격 범위: 25,330~48,000원

[302/2405] 📦 뉴나 트리브넥스트 절충형 유모차
   pcode: 52373384
   ✅ 1,080,000원 (쿠팡)
   📊 1개 쇼핑몰, 가격 범위: 1,080,000~1,080,000원

[303/2405] 📦 에그 에그 2 브론즈 에디션 디럭스 유모차
   pcode: 51999251
   ✅ 1,870,500원 (SSG.COM)
   📊 8개 쇼핑몰, 가격 범위: 1,870,500~2,353,670원

[304/2405] 📦 리바트 뚜뚜 높이조절 아이 책상 의자 세트 핑크블루
   pcode: 10222413
   ✅ 197,600원 (오늘의 집)
   📊 8개 쇼핑몰, 가격 범위: 197,600~208,000원

[305/2405] 📦 브라이텍스 키드픽스 M 아이사이즈 주니어 카시트 (ISOFIX)
   pcode: 39261845
   ✅ 318,970원 (롯데홈쇼핑)
   📊 6개 쇼핑몰, 가격 범위: 318,970~590,000원

[306/2405] 📦 EFM ipTIME C200E
   pcode: 13558229
   ✅ 145,730원 (G마켓)
   📊 1개 쇼핑몰, 가격 범위: 145,730~145,730원

[307/2405] 📦 씨큐엠에스 오상헬스케어 OHC-50
   pcode: 100848197
   ✅ 33,920원 (11번가)
   📊 3개 쇼핑몰, 가격 범위: 33,920~39,150원

[308/2405] 📦 보솜이 NEW 메가드라이 팬티형 6단계-공용
   pcode: 71906717
   ✅ 79,080원 (현대Hmall)
   📊 3개 쇼핑몰, 가격 범위: 79,080~85,170원

[309/2405] 📦 팸퍼스 2025 베이비드라이 팬티형 5단계-공용
   pcode: 68369591
   ✅ 63,910원 (G마켓)
   📊 76개 쇼핑몰, 가격 범위: 63,910~96,900원

[310/2405] 📦 마미포코 슈퍼컴포트 팬티형 5단계-여아용
   pcode: 65916257
   ✅ 43,900원 (쿠팡)
   📊 63개 쇼핑몰, 가격 범위: 43,900~85,680원

   ⏱️ 진행률: 12.9% | 속도: 0.05개/초 | 남은 시간: 763분


[311/2405] 📦 하기스 2024 매직컴포트 팬티형 7단계-공용
   pcode: 47851793
   ✅ 74,730원 (쿠팡)
   📊 20개 쇼핑몰, 가격 범위: 74,730~171,390원

[312/2405] 📦 군 플러스 소프트터치 팬티형 특대형-공용
   pcode: 88253315
   ✅ 45,680원 (옥션)
   📊 33개 쇼핑몰, 가격 범위: 45,680~64,500원

[313/2405] 📦 아벤트 내추럴 플렉스 2.0 젖꼭지 3단계 2개입
   pcode: 29826329
   ✅ 10,900원 (쿠팡)
   📊 2개 쇼핑몰, 가격 범위: 10,900~23,180원

[314/2405] 📦 심통 BEBEPICK 다회용 아기 실리콘 시럽 19cc 약병 3종 패키지
   pcode: 33347501
   ✅ 16,000원 (쿠팡)
   📊 1개 쇼핑몰, 가격 범위: 16,000~16,000원

[315/2405] 📦 더블하트 모유실감 3세대 PPSU 제뉴인화이트 160ml
   pcode: 60252341
   ✅ 33,190원 (롯데ON)
   📊 24개 쇼핑몰, 가격 범위: 33,190~75,790원

[316/2405] 📦 나비잠 슈퍼드라이 팬티형 점보형-공용
   pcode: 74343620
   ✅ 37,880원 (쿠팡)
   📊 9개 쇼핑몰, 가격 범위: 37,880~69,000원

[317/2405] 📦 아이러브베베 아이보리 물티슈 리필형 20매
   pcode: 5798710
   ✅ 9,810원 (쿠팡)
   📊 53개 쇼핑몰, 가격 범위: 9,810~32,780원

[318/2405] 📦 매일유업 앱솔루트 플래티넘 산양 1단계 750g
   pcode: 21212792
   ✅ 125,700원 (쿠팡)
   📊 39개 쇼핑몰, 가격 범위: 125,700~257,900원

[319/2405] 📦 바이마르 케어존 VMK-1911TG
   pcode: 21586259
   ✅ 40,980원 (네이버)
   📊 8개 쇼핑몰, 가격 범위: 40,980~59,000원

[320/2405] 📦 제이월드산업 알집매트 포레스트 범퍼침대
   pcode: 20035061
   ✅ 396,030원 (G마켓)
   📊 15개 쇼핑몰, 가격 범위: 396,030~589,000원

   ⏱️ 진행률: 13.3% | 속도: 0.05개/초 | 남은 시간: 760분


[321/2405] 📦 DSP 보니 아동 의자
   pcode: 90506540
   ✅ 49,000원 (쿠팡)
   📊 3개 쇼핑몰, 가격 범위: 49,000~49,000원

[322/2405] 📦 치코 폴리프로그레스5 아기 식탁의자
   pcode: 20204456
   ✅ 82,740원 (옥션)
   📊 26개 쇼핑몰, 가격 범위: 82,740~135,200원

[323/2405] 📦 리에또 베이비 프리미엄 가죽 소파 1인용
   pcode: 17171561
   ✅ 74,900원 (쿠팡)
   📊 18개 쇼핑몰, 가격 범위: 74,900~253,730원

[324/2405] 📦 조이 아이스핀360 신생아 카시트 + 리안 솔로 절충형 유모차 세트
   pcode: 30199772
   ✅ 1,226,000원 (CJ온스타일)
   📊 1개 쇼핑몰, 가격 범위: 1,226,000~1,226,000원

[325/2405] 📦 중모토이플러스 코지 스핀 유모차[색상선택]
   pcode: 26605400
   ✅ 334,790원 (G마켓)
   📊 32개 쇼핑몰, 가격 범위: 334,790~829,200원

[326/2405] 📦 한샘 샘키즈 키즈테이블 스퀘어형+등받이 의자+놀이함 세트
   pcode: 101633522
   ✅ 319,700원 (한샘몰)
   📊 7개 쇼핑몰, 가격 범위: 319,700~410,000원

[327/2405] 📦 싸이벡스 코야 휴대용 유모차+트래블시스템 바구니카시트
   pcode: 75994235
   ✅ 1,458,000원 (SSG.COM)
   📊 3개 쇼핑몰, 가격 범위: 1,458,000~1,570,000원

[328/2405] 📦 SEEC 아이 폴드 아이사이즈 주니어 휴대용 카시트
   pcode: 39111362
   ✅ 250,750원 (현대Hmall)
   📊 4개 쇼핑몰, 가격 범위: 250,750~250,750원

[329/2405] 📦 HIKVISION 파노라믹 DS-2PT33 STCOM
   pcode: 16210895
❌ [16210895] Crawl failed: Navigating frame was detached
   ⚠️ 가격 정보 없음: Navigating frame was detached

[330/2405] 📦 이지템 Tempy.K DT-025
   pcode: 32833424
   ✅ 45,980원 (G마켓)
   📊 7개 쇼핑몰, 가격 범위: 45,980~51,980원

   ⏱️ 진행률: 13.7% | 속도: 0.05개/초 | 남은 시간: 754분


[331/2405] 📦 보솜이 리얼코튼 오가니크 팬티형 대형-여아용
   pcode: 21225404
   ✅ 12,090원 (11번가)
   📊 65개 쇼핑몰, 가격 범위: 12,090~35,400원

[332/2405] 📦 팸퍼스 2025 베이비드라이 팬티형 4단계-공용
   pcode: 68369555
   ✅ 63,910원 (G마켓)
   📊 71개 쇼핑몰, 가격 범위: 63,910~96,540원

[333/2405] 📦 마미포코 하이퍼드라이 팬티형 5단계-여아용
   pcode: 65916899
   ✅ 41,680원 (옥션)
   📊 62개 쇼핑몰, 가격 범위: 41,680~85,740원

[334/2405] 📦 하기스 2025 맥스드라이 팬티형 4단계-여아용
   pcode: 98550281
   ✅ 51,000원 (쿠팡)
   📊 34개 쇼핑몰, 가격 범위: 51,000~79,330원

[335/2405] 📦 엘프레리 에어윙 팬티 기저귀 8팩 사이즈선택
   pcode: 29570957
   ✅ 55,920원 (G마켓)
   📊 51개 쇼핑몰, 가격 범위: 55,920~104,900원

[336/2405] 📦 소아21 코끼리 뺑코 코세척기 어린이 코세정기 콧물 흡입기
   pcode: 30346496
   ✅ 2,680원 (롯데ON)
   📊 10개 쇼핑몰, 가격 범위: 2,680~3,590원

[337/2405] 📦 팸퍼스 2025 터치오브네이처 팬티형 5단계-공용
   pcode: 71011661
   ✅ 67,900원 (옥션)
   📊 43개 쇼핑몰, 가격 범위: 67,900~124,640원

[338/2405] 📦 리베로 터치 밴드형 1단계-공용
   pcode: 37935521
   ✅ 49,220원 (쿠팡)
   📊 17개 쇼핑몰, 가격 범위: 49,220~69,400원

[339/2405] 📦 닥터브라운 와이드넥 옵션스 플러스 PPSU 젖병 150ml
   pcode: 54221093
   ✅ 47,800원 (쿠팡)
   📊 37개 쇼핑몰, 가격 범위: 47,800~59,900원

[340/2405] 📦 데이데이비쥬 아쿠아퍼플 물티슈 캡형 80매
   pcode: 21630821
   ✅ 18,510원 (G마켓)
   📊 38개 쇼핑몰, 가격 범위: 18,510~41,230원

   ⏱️ 진행률: 14.1% | 속도: 0.05개/초 | 남은 시간: 752분


[341/2405] 📦 Hipp 힙 콤비오틱 유기농 1단계 800g
   pcode: 21213386
   ✅ 122,310원 (현대Hmall)
   📊 49개 쇼핑몰, 가격 범위: 122,310~273,200원

[342/2405] 📦 더블하트 소프트터치 모유실감 3세대 젖꼭지 4개입
   pcode: 60654773
   ✅ 27,500원 (쿠팡)
   📊 2개 쇼핑몰, 가격 범위: 27,500~34,500원

[343/2405] 📦 보아르 VHEP-003WH
   pcode: 93497636
   ✅ 44,800원 (쿠팡)
   📊 1개 쇼핑몰, 가격 범위: 44,800~44,800원

[344/2405] 📦 이케아 SNIGLAR 아기침대
   pcode: 2549374
   ✅ 126,900원 (오늘의 집)
   📊 5개 쇼핑몰, 가격 범위: 126,900~203,330원

[345/2405] 📦 리바트 세계가구 피노 토들러 우디 높이조절 의자
   pcode: 95205077
   ✅ 27,890원 (11번가)
   📊 10개 쇼핑몰, 가격 범위: 27,890~31,000원

[346/2405] 📦 도노도노 맘마존 아기 이유식의자 하이체어
   pcode: 77277818
   ✅ 166,470원 (옥션)
   📊 26개 쇼핑몰, 가격 범위: 166,470~292,840원

[347/2405] 📦 아기자리 New 뽀로로 유아 가죽소파 2인용
   pcode: 9858600
   ✅ 141,000원 (11번가)
   📊 2개 쇼핑몰, 가격 범위: 141,000~141,000원

[348/2405] 📦 리안 뉴 솔로 절충형 유모차
   pcode: 76076870
   ✅ 648,000원 (쿠팡)
   📊 1개 쇼핑몰, 가격 범위: 648,000~648,000원

[349/2405] 📦 뻬그뻬레고 북 S 디럭스 유모차
   pcode: 20802128
   ✅ 643,380원 (쿠팡)
   📊 1개 쇼핑몰, 가격 범위: 643,380~643,380원

[350/2405] 📦 오버브릿지 헬로디노 유아 책상+의자 1개 세트
   pcode: 21666773
   ✅ 55,400원 (쿠팡)
   📊 9개 쇼핑몰, 가격 범위: 55,400~66,280원

   ⏱️ 진행률: 14.6% | 속도: 0.05개/초 | 남은 시간: 748분


[351/2405] 📦 스토케 요요3 프리미엄 휴대용 쌍둥이 유모차(커넥트 포함)
   pcode: 76333364
   ✅ 1,325,000원 (SSG.COM)
   📊 3개 쇼핑몰, 가격 범위: 1,325,000~1,325,000원

[352/2405] 📦 폴레드 올에이지360 카시트
   pcode: 76878701
   ✅ 630,000원 (쿠팡)
   📊 8개 쇼핑몰, 가격 범위: 630,000~5,005,560원

[353/2405] 📦 EFM ipTIME C200
   pcode: 11642405
   ✅ 129,900원 (쿠팡)
   📊 1개 쇼핑몰, 가격 범위: 129,900~129,900원

[354/2405] 📦 휴비딕 E3 HET-3000
   pcode: 27788402
   ✅ 45,000원 (쿠팡)
   📊 59개 쇼핑몰, 가격 범위: 45,000~119,210원

[355/2405] 📦 보솜이 NEW 메가드라이 팬티형 4단계-공용
   pcode: 69286310
   ✅ 32,760원 (쿠팡)
   📊 40개 쇼핑몰, 가격 범위: 32,760~66,410원

[356/2405] 📦 마미포코 하이퍼드라이 팬티형 4단계-남아용
   pcode: 65916884
   ✅ 39,780원 (G마켓)
   📊 58개 쇼핑몰, 가격 범위: 39,780~112,630원

[357/2405] 📦 나비잠 매직소프트 팬티형 4단계 대형-공용
   pcode: 21218057
   ✅ 39,900원 (롯데ON)
   📊 8개 쇼핑몰, 가격 범위: 39,900~71,880원

[358/2405] 📦 하기스 2025 맥스드라이 밴드형 3단계-공용
   pcode: 98550308
   ✅ 48,200원 (쿠팡)
   📊 38개 쇼핑몰, 가격 범위: 48,200~107,180원

[359/2405] 📦 싸이벡스 The New 미오스 3.0 절충형 유모차
   pcode: 75993671
   ✅ 1,348,500원 (신세계몰)
   📊 3개 쇼핑몰, 가격 범위: 1,348,500~1,400,000원

[360/2405] 📦 소아21 코끼리 뉴 뺑코 2개
   pcode: 30326717
   ✅ 9,340원 (쿠팡)
   📊 1개 쇼핑몰, 가격 범위: 9,340~9,340원

   ⏱️ 진행률: 15.0% | 속도: 0.05개/초 | 남은 시간: 743분


[361/2405] 📦 보솜이 NEW 액션핏 팬티형 3단계-공용
   pcode: 95934929
   ✅ 33,070원 (G마켓)
   📊 52개 쇼핑몰, 가격 범위: 33,070~66,230원

[362/2405] 📦 에그 하이엔드 디럭스 유모차
   pcode: 21656546
   ✅ 1,990,000원 (쿠팡)
   📊 9개 쇼핑몰, 가격 범위: 1,990,000~2,800,000원

[363/2405] 📦 에어보스 리머X 휴대용 유모차
   pcode: 29766356
   ✅ 139,000원 (쿠팡)
   📊 4개 쇼핑몰, 가격 범위: 139,000~157,000원

[364/2405] 📦 더블하트 모유실감 3세대 PPSU 노꼭지 240ml 트윈팩
   pcode: 20785448
   ✅ 28,030원 (옥션)
   📊 81개 쇼핑몰, 가격 범위: 28,030~41,490원

[365/2405] 📦 방그레 베이비 물티슈 리필형 20매
   pcode: 4023278
   ✅ 10,710원 (G마켓)
   📊 9개 쇼핑몰, 가격 범위: 10,710~30,790원

[366/2405] 📦 매일유업 앱솔루트 프리미엄 산양 3단계 750g
   pcode: 21212216
   ✅ 125,700원 (쿠팡)
   📊 37개 쇼핑몰, 가격 범위: 125,700~289,020원

[367/2405] 📦 쁘띠엘린 모윰 리얼핏 젖꼭지 2단계 2개입
   pcode: 20828864
   ✅ 9,760원 (쿠팡)
   📊 4개 쇼핑몰, 가격 범위: 9,760~36,360원

[368/2405] 📦 신일전자 SEP-RD17KP
   pcode: 74805536
   ✅ 30,000원 (쿠팡)
   📊 80개 쇼핑몰, 가격 범위: 30,000~50,590원

[369/2405] 📦 에센루 도노도노 먼지제로 하이가드 멀티 범퍼침대+구름모달패드
   pcode: 39251024
   ✅ 450,470원 (옥션)
   📊 2개 쇼핑몰, 가격 범위: 450,470~450,470원

[370/2405] 📦 리바트 세계가구 피노 토들러 높이조절 멀티 의자
   pcode: 95205062
   ✅ 32,390원 (11번가)
   📊 13개 쇼핑몰, 가격 범위: 32,390~217,520원

   ⏱️ 진행률: 15.4% | 속도: 0.05개/초 | 남은 시간: 740분


[371/2405] 📦 리안 프리모 하이체어 아기 유아 식탁의자
   pcode: 94201181
   ✅ 108,000원 (쿠팡)
   📊 25개 쇼핑몰, 가격 범위: 108,000~312,160원

[372/2405] 📦 아기자리 무지 프리미엄 유아 가죽소파 1인용
   pcode: 9871065
   ✅ 54,280원 (G마켓)
   📊 10개 쇼핑몰, 가격 범위: 54,280~78,000원

[373/2405] 📦 이케아 LATT 어린이 책상+의자2개 세트
   pcode: 4227970
   ✅ 64,080원 (GS샵)
   📊 8개 쇼핑몰, 가격 범위: 64,080~75,900원

[374/2405] 📦 브라이텍스 NEW 하이포인트 주니어 카시트 (ISOFIX)
   pcode: 39777605
   ✅ 217,350원 (롯데홈쇼핑)
   📊 4개 쇼핑몰, 가격 범위: 217,350~365,000원

[375/2405] 📦 EFM ipTIME C500G 3개
   pcode: 93180236
   ✅ 102,700원 (쿠팡)
   📊 27개 쇼핑몰, 가격 범위: 102,700~227,400원

[376/2405] 📦 메디엔 아이젠 DR-570
   pcode: 88228886
   ✅ 55,810원 (옥션)
   📊 7개 쇼핑몰, 가격 범위: 55,810~85,380원

[377/2405] 📦 팸퍼스 뉴 베이비 드라이 밴드형 1단계-공용
   pcode: 21219746
   ✅ 45,810원 (G마켓)
   📊 21개 쇼핑몰, 가격 범위: 45,810~86,100원

[378/2405] 📦 마미포코 슈퍼컴포트 팬티형 5단계-남아용
   pcode: 65922125
   ✅ 42,650원 (롯데홈쇼핑)
   📊 52개 쇼핑몰, 가격 범위: 42,650~88,920원

[379/2405] 📦 나비잠 매직소프트 밴드형 6단계 점보형-공용
   pcode: 74343719
   ✅ 35,260원 (옥션)
   📊 6개 쇼핑몰, 가격 범위: 35,260~57,000원

[380/2405] 📦 하기스 2024 보송보송 팬티형 4단계-공용
   pcode: 71906510
