[dotenv@17.2.3] injecting env (0) from .env.local -- tip: π”‘ add access controls to secrets: https://dotenvx.com/ops
π“‚ κΈ°μ΅΄ Store ID 3κ° λ΅λ“λ¨

β­οΈ  μ΄λ―Έ μ™„λ£λ 3κ° νμΌ μ¤ν‚µ

π€ μ΄ 6κ° νμΌ μμ°¨ μ—…λ΅λ“ μ‹μ‘...

β–¶οΈ μ‹μ‘: baby_bottle (11.31 MB)
   β³ baby_bottle: μΈλ±μ‹± μ¤‘... (23μ΄ κ²½κ³Ό, 11.31 MB)
   β³ baby_bottle: μΈλ±μ‹± μ¤‘... (35μ΄ κ²½κ³Ό, 11.31 MB)
   β³ baby_bottle: μΈλ±μ‹± μ¤‘... (47μ΄ κ²½κ³Ό, 11.31 MB)
   β³ baby_bottle: μΈλ±μ‹± μ¤‘... (59μ΄ κ²½κ³Ό, 11.31 MB)
   β³ baby_bottle: μΈλ±μ‹± μ¤‘... (71μ΄ κ²½κ³Ό, 11.31 MB)
   β³ baby_bottle: μΈλ±μ‹± μ¤‘... (83μ΄ κ²½κ³Ό, 11.31 MB)
   β³ baby_bottle: μΈλ±μ‹± μ¤‘... (95μ΄ κ²½κ³Ό, 11.31 MB)
   β³ baby_bottle: μΈλ±μ‹± μ¤‘... (107μ΄ κ²½κ³Ό, 11.31 MB)
   β³ baby_bottle: μΈλ±μ‹± μ¤‘... (119μ΄ κ²½κ³Ό, 11.31 MB)
   β³ baby_bottle: μΈλ±μ‹± μ¤‘... (131μ΄ κ²½κ³Ό, 11.31 MB)
   β³ baby_bottle: μΈλ±μ‹± μ¤‘... (143μ΄ κ²½κ³Ό, 11.31 MB)
   β³ baby_bottle: μΈλ±μ‹± μ¤‘... (156μ΄ κ²½κ³Ό, 11.31 MB)
   β³ baby_bottle: μΈλ±μ‹± μ¤‘... (168μ΄ κ²½κ³Ό, 11.31 MB)
   β³ baby_bottle: μΈλ±μ‹± μ¤‘... (180μ΄ κ²½κ³Ό, 11.31 MB)
   β³ baby_bottle: μΈλ±μ‹± μ¤‘... (192μ΄ κ²½κ³Ό, 11.31 MB)
   β³ baby_bottle: μΈλ±μ‹± μ¤‘... (204μ΄ κ²½κ³Ό, 11.31 MB)
   β³ baby_bottle: μΈλ±μ‹± μ¤‘... (217μ΄ κ²½κ³Ό, 11.31 MB)
   β³ baby_bottle: μΈλ±μ‹± μ¤‘... (229μ΄ κ²½κ³Ό, 11.31 MB)
   β³ baby_bottle: μΈλ±μ‹± μ¤‘... (242μ΄ κ²½κ³Ό, 11.31 MB)
   β³ baby_bottle: μΈλ±μ‹± μ¤‘... (254μ΄ κ²½κ³Ό, 11.31 MB)
   β³ baby_bottle: μΈλ±μ‹± μ¤‘... (267μ΄ κ²½κ³Ό, 11.31 MB)
   β³ baby_bottle: μΈλ±μ‹± μ¤‘... (279μ΄ κ²½κ³Ό, 11.31 MB)
   β³ baby_bottle: μΈλ±μ‹± μ¤‘... (291μ΄ κ²½κ³Ό, 11.31 MB)
   β³ baby_bottle: μΈλ±μ‹± μ¤‘... (304μ΄ κ²½κ³Ό, 11.31 MB)
   β³ baby_bottle: μΈλ±μ‹± μ¤‘... (316μ΄ κ²½κ³Ό, 11.31 MB)
   β³ baby_bottle: μΈλ±μ‹± μ¤‘... (328μ΄ κ²½κ³Ό, 11.31 MB)
   β³ baby_bottle: μΈλ±μ‹± μ¤‘... (340μ΄ κ²½κ³Ό, 11.31 MB)
   β³ baby_bottle: μΈλ±μ‹± μ¤‘... (352μ΄ κ²½κ³Ό, 11.31 MB)
   β³ baby_bottle: μΈλ±μ‹± μ¤‘... (364μ΄ κ²½κ³Ό, 11.31 MB)
   β³ baby_bottle: μΈλ±μ‹± μ¤‘... (376μ΄ κ²½κ³Ό, 11.31 MB)
   β³ baby_bottle: μΈλ±μ‹± μ¤‘... (388μ΄ κ²½κ³Ό, 11.31 MB)
   β³ baby_bottle: μΈλ±μ‹± μ¤‘... (400μ΄ κ²½κ³Ό, 11.31 MB)
   β³ baby_bottle: μΈλ±μ‹± μ¤‘... (412μ΄ κ²½κ³Ό, 11.31 MB)
   β³ baby_bottle: μΈλ±μ‹± μ¤‘... (424μ΄ κ²½κ³Ό, 11.31 MB)
   β³ baby_bottle: μΈλ±μ‹± μ¤‘... (436μ΄ κ²½κ³Ό, 11.31 MB)
   β³ baby_bottle: μΈλ±μ‹± μ¤‘... (448μ΄ κ²½κ³Ό, 11.31 MB)
   β³ baby_bottle: μΈλ±μ‹± μ¤‘... (460μ΄ κ²½κ³Ό, 11.31 MB)
   β³ baby_bottle: μΈλ±μ‹± μ¤‘... (472μ΄ κ²½κ³Ό, 11.31 MB)
   β³ baby_bottle: μΈλ±μ‹± μ¤‘... (484μ΄ κ²½κ³Ό, 11.31 MB)
   β³ baby_bottle: μΈλ±μ‹± μ¤‘... (496μ΄ κ²½κ³Ό, 11.31 MB)
   β³ baby_bottle: μΈλ±μ‹± μ¤‘... (509μ΄ κ²½κ³Ό, 11.31 MB)
   β³ baby_bottle: μΈλ±μ‹± μ¤‘... (521μ΄ κ²½κ³Ό, 11.31 MB)
   β³ baby_bottle: μΈλ±μ‹± μ¤‘... (533μ΄ κ²½κ³Ό, 11.31 MB)
   β³ baby_bottle: μΈλ±μ‹± μ¤‘... (545μ΄ κ²½κ³Ό, 11.31 MB)
   β³ baby_bottle: μΈλ±μ‹± μ¤‘... (557μ΄ κ²½κ³Ό, 11.31 MB)
   β³ baby_bottle: μΈλ±μ‹± μ¤‘... (569μ΄ κ²½κ³Ό, 11.31 MB)
   β³ baby_bottle: μΈλ±μ‹± μ¤‘... (581μ΄ κ²½κ³Ό, 11.31 MB)
   β³ baby_bottle: μΈλ±μ‹± μ¤‘... (593μ΄ κ²½κ³Ό, 11.31 MB)
   β³ baby_bottle: μΈλ±μ‹± μ¤‘... (605μ΄ κ²½κ³Ό, 11.31 MB)
   β³ baby_bottle: μΈλ±μ‹± μ¤‘... (618μ΄ κ²½κ³Ό, 11.31 MB)
   β³ baby_bottle: μΈλ±μ‹± μ¤‘... (630μ΄ κ²½κ³Ό, 11.31 MB)
   β³ baby_bottle: μΈλ±μ‹± μ¤‘... (642μ΄ κ²½κ³Ό, 11.31 MB)
   β³ baby_bottle: μΈλ±μ‹± μ¤‘... (655μ΄ κ²½κ³Ό, 11.31 MB)
   β³ baby_bottle: μΈλ±μ‹± μ¤‘... (667μ΄ κ²½κ³Ό, 11.31 MB)
   β³ baby_bottle: μΈλ±μ‹± μ¤‘... (679μ΄ κ²½κ³Ό, 11.31 MB)
   β³ baby_bottle: μΈλ±μ‹± μ¤‘... (691μ΄ κ²½κ³Ό, 11.31 MB)
   β³ baby_bottle: μΈλ±μ‹± μ¤‘... (703μ΄ κ²½κ³Ό, 11.31 MB)
   β³ baby_bottle: μΈλ±μ‹± μ¤‘... (716μ΄ κ²½κ³Ό, 11.31 MB)
   β³ baby_bottle: μΈλ±μ‹± μ¤‘... (728μ΄ κ²½κ³Ό, 11.31 MB)
   β³ baby_bottle: μΈλ±μ‹± μ¤‘... (740μ΄ κ²½κ³Ό, 11.31 MB)
β μ‹¤ν¨: baby_bottle νƒ€μ„μ•„μ›ƒ: baby_bottle (10λ¶„ μ΄κ³Ό)

β–¶οΈ μ‹μ‘: baby_monitor (6.68 MB)
   β³ baby_monitor: μΈλ±μ‹± μ¤‘... (20μ΄ κ²½κ³Ό, 6.68 MB)
   β³ baby_monitor: μΈλ±μ‹± μ¤‘... (33μ΄ κ²½κ³Ό, 6.68 MB)
   β³ baby_monitor: μΈλ±μ‹± μ¤‘... (45μ΄ κ²½κ³Ό, 6.68 MB)
   β³ baby_monitor: μΈλ±μ‹± μ¤‘... (57μ΄ κ²½κ³Ό, 6.68 MB)
   β³ baby_monitor: μΈλ±μ‹± μ¤‘... (69μ΄ κ²½κ³Ό, 6.68 MB)
   β³ baby_monitor: μΈλ±μ‹± μ¤‘... (81μ΄ κ²½κ³Ό, 6.68 MB)
   β³ baby_monitor: μΈλ±μ‹± μ¤‘... (93μ΄ κ²½κ³Ό, 6.68 MB)
   β³ baby_monitor: μΈλ±μ‹± μ¤‘... (106μ΄ κ²½κ³Ό, 6.68 MB)
   β³ baby_monitor: μΈλ±μ‹± μ¤‘... (118μ΄ κ²½κ³Ό, 6.68 MB)
   β³ baby_monitor: μΈλ±μ‹± μ¤‘... (130μ΄ κ²½κ³Ό, 6.68 MB)
   β³ baby_monitor: μΈλ±μ‹± μ¤‘... (142μ΄ κ²½κ³Ό, 6.68 MB)
   β³ baby_monitor: μΈλ±μ‹± μ¤‘... (154μ΄ κ²½κ³Ό, 6.68 MB)
   β³ baby_monitor: μΈλ±μ‹± μ¤‘... (166μ΄ κ²½κ³Ό, 6.68 MB)
   β³ baby_monitor: μΈλ±μ‹± μ¤‘... (178μ΄ κ²½κ³Ό, 6.68 MB)
   β³ baby_monitor: μΈλ±μ‹± μ¤‘... (191μ΄ κ²½κ³Ό, 6.68 MB)
   β³ baby_monitor: μΈλ±μ‹± μ¤‘... (203μ΄ κ²½κ³Ό, 6.68 MB)
