[dotenv@17.2.3] injecting env (7) from .env.local -- tip: ­Ъћё add secrets lifecycle management: https://dotenvx.com/ops

========================================
­Ъџђ ВаёВ▓┤ вдгви░ ьЂгвАцвДЂ (Lite в▓ёВаё)
========================================

РџЎ№ИЈ ВёцВаЋ:
   - ВаюьњѕвІ╣ Вхювїђ вдгви░: 200Ж░ю
   - вЈЎВІю В▓ўвдг Вѕў: 6
   - Ваюьњѕ ВаюьЋю: ВаёВ▓┤
   - ЖИ░ВА┤ Ваюьњѕ Віцьѓх: false
   - Dry Run: false

­ЪЊІ Ваюьњѕ вфЕвАЮ ВА░ьџї...
   В┤Ю 10560Ж░ю Ваюьњѕ

­ЪЊА ьЂгвАцвДЂ ВІюВъЉ...

   РюЁ [3887285] 200Ж░ю вдгви░ ВѕўВДЉ (В┤Ю 61732Ж░ю, ьЈЅВаљ 4.7)
   РюЁ [4422570] 200Ж░ю вдгви░ ВѕўВДЉ (В┤Ю 54470Ж░ю, ьЈЅВаљ 4.6)
   РюЁ [3887206] 200Ж░ю вдгви░ ВѕўВДЉ (В┤Ю 100347Ж░ю, ьЈЅВаљ 4.7)
   РюЁ [3582210] 200Ж░ю вдгви░ ВѕўВДЉ (В┤Ю 69635Ж░ю, ьЈЅВаљ 4.8)
   РюЁ [6456227] 200Ж░ю вдгви░ ВѕўВДЉ (В┤Ю 94086Ж░ю, ьЈЅВаљ 4.8)
РюЁ [0/10560] ВЋёВЮ┤вЪгвИїв▓ав▓а ьЋЉьЂг вг╝ьІ░Віѕ В║АьўЋ 100вДц... Рєњ 200Ж░ю вдгви░
РюЁ [0/10560] ВЋёВЮ┤вЪгвИїв▓ав▓а ВЋёВЮ┤в│┤вдг вг╝ьІ░Віѕ В║АьўЋ 72вДц... Рєњ 200Ж░ю вдгви░
РЈГ№ИЈ [0/10560] вБевЕћвѓў THE KITCHEN PB1 (ьЂгвд╝ьЎћВЮ┤ьіИ)... Рєњ вдгви░ ВЌєВЮї
РюЁ [0/10560] ВЋёВЮ┤вЪгвИїв▓ав▓а ьЋЉьЂг вг╝ьІ░Віѕ вдгьЋёьўЋ 100вДц... Рєњ 200Ж░ю вдгви░
РюЁ [0/10560] ВЋёВЮ┤вЪгвИїв▓ав▓а вИћвБе вг╝ьІ░Віѕ В║АьўЋ 80вДц... Рєњ 200Ж░ю вдгви░
РюЁ [0/10560] ВіцвДѕьіИВЌљВйћ в▓аВЮ┤ВДЂ вг╝ьІ░Віѕ В║АьўЋ 100вДц... Рєњ 200Ж░ю вдгви░
   РюЁ [6602479] 200Ж░ю вдгви░ ВѕўВДЉ (В┤Ю 28687Ж░ю, ьЈЅВаљ 4.6)
   РюЁ [8579228] 200Ж░ю вдгви░ ВѕўВДЉ (В┤Ю 41800Ж░ю, ьЈЅВаљ 4.6)
   РюЁ [6566877] 200Ж░ю вдгви░ ВѕўВДЉ (В┤Ю 36334Ж░ю, ьЈЅВаљ 4.7)
   РюЁ [3670991] 200Ж░ю вдгви░ ВѕўВДЉ (В┤Ю 53437Ж░ю, ьЈЅВаљ 4.8)
   РюЁ [8433981] 200Ж░ю вдгви░ ВѕўВДЉ (В┤Ю 33222Ж░ю, ьЈЅВаљ 4.7)
   РюЁ [14383178] 146Ж░ю вдгви░ ВѕўВДЉ (В┤Ю 46044Ж░ю, ьЈЅВаљ 4.8)
РюЁ [6/10560] в▓ав▓аВѕ▓ ьћёвдгв»ИВќ┤ вг╝ьІ░Віѕ В║АьўЋ 70вДц... Рєњ 200Ж░ю вдгви░
РюЁ [6/10560] в»ИВЌў ьЂ┤въўВІЮ вг╝ьІ░Віѕ В║АьўЋ 100вДц... Рєњ 146Ж░ю вдгви░
РюЁ [6/10560] ВіцвДѕьіИВЌљВйћ в╣ёв░ћВ▓┤ вг╝ьІ░Віѕ В║АьўЋ 100вДц... Рєњ 200Ж░ю вдгви░
РюЁ [6/10560] в▓аВЮ┤в╣ёв▓аВЮ┤в╣ё ьіИВюЎьЂ┤ вг╝ьІ░Віѕ В║АьўЋ 120вДц... Рєњ 200Ж░ю вдгви░
РюЁ [6/10560] ВіцвДѕьіИВЌљВйћ вфевЇ░вЮ╝ьєа вг╝ьІ░Віѕ В║АьўЋ 80вДц... Рєњ 200Ж░ю вдгви░
РюЁ [6/10560] в╣ёвІгВѓгВѕю VSD5129K... Рєњ 200Ж░ю вдгви░
   РюЁ [21207992] 200Ж░ю вдгви░ ВѕўВДЉ (В┤Ю 22947Ж░ю, ьЈЅВаљ 4.9)
   РюЁ [31270787] 200Ж░ю вдгви░ ВѕўВДЉ (В┤Ю 19372Ж░ю, ьЈЅВаљ 4.8)
   РюЁ [14566643] 200Ж░ю вдгви░ ВѕўВДЉ (В┤Ю 23726Ж░ю, ьЈЅВаљ 4.8)
   РюЁ [3308436] 200Ж░ю вдгви░ ВѕўВДЉ (В┤Ю 24289Ж░ю, ьЈЅВаљ 4.7)
   РюЁ [19522775] 200Ж░ю вдгви░ ВѕўВДЉ (В┤Ю 24583Ж░ю, ьЈЅВаљ 4.9)
   РюЁ [21219845] 109Ж░ю вдгви░ ВѕўВДЉ (В┤Ю 20474Ж░ю, ьЈЅВаљ 4.8)
РюЁ [12/10560] вАюв│┤вЮй S8 Pro Ultra... Рєњ 200Ж░ю вдгви░
РюЁ [12/10560] вИївЮ╝Вџ┤ ВЇевфеВіцВ║ћ IRT-6030... Рєњ 200Ж░ю вдгви░
РюЁ [12/10560] ВЋёВЮ┤вІЅ NEW i20... Рєњ 200Ж░ю вдгви░
