[dotenv@17.2.3] injecting env (7) from .env.local -- tip: β™οΈ  write to custom object with { processEnv: myObject }

############################################################
#  Knowledge Cache Prefetch
#  μΏΌλ¦¬: 88κ°
#  μ ν’: 120κ°, λ¦¬λ·° λ€μƒ: 10κ° x 5κ°
#  μµμ…: skip-products skip-reviews 
############################################################

============================================================
π€ [Prefetch] μ‹μ‘: "ν΄λ€μ© μ λ¨μ°¨"
   μ ν’: 120κ°, λ¦¬λ·° λ€μƒ: μƒμ„ 10κ° x 5κ°
   π“‚ μ ν’μ€ DB μΊμ‹μ—μ„ λ΅λ“
============================================================

π“‚ [Step 1] DB μΊμ‹μ—μ„ μ ν’ λ΅λ“ μ¤‘...
   β… 120κ° μ ν’ μΊμ‹ λ΅λ“ μ™„λ£

π’° [Step 4] κ°€κ²© ν¬λ΅¤λ§ μ¤‘... (95κ° λ‹¤λ‚μ™€ μ ν’, μμ°¨ Puppeteer)
   β οΈ 25κ° νƒ€μ‚¬ pcode μ¤ν‚µ (λ‹¤λ‚μ™€ μ™Έ μ ν’)
π“¦ [1/95] Fetching price for 20799044...
   β… 270,000μ› (μ΄λ§νΈμΈν„°λ„·μ‡Όν•‘λ°) - 4κ° μ‡Όν•‘λ°
π“¦ [2/95] Fetching price for 42212519...
   β… 826,500μ› (μΏ ν΅) - 4κ° μ‡Όν•‘λ°
π“¦ [3/95] Fetching price for 75941156...
   β… 716,000μ› (λ΅―λ°ν™μ‡Όν•‘) - 34κ° μ‡Όν•‘λ°
π“¦ [4/95] Fetching price for 76514957...
   β… 560,500μ› (λ΅―λ°ON) - 8κ° μ‡Όν•‘λ°
π“¦ [5/95] Fetching price for 20834387...
   β… 53,400μ› (μΏ ν΅) - 8κ° μ‡Όν•‘λ°
π“¦ [6/95] Fetching price for 76465769...
   β… 787,500μ› (μΏ ν΅) - 5κ° μ‡Όν•‘λ°
π“¦ [7/95] Fetching price for 75940439...
   β… 410,000μ› (μΏ ν΅) - 9κ° μ‡Όν•‘λ°
π“¦ [8/95] Fetching price for 20789276...
   β… 749,000μ› (μ‹ μ„Έκ³„λ°) - 2κ° μ‡Όν•‘λ°
π“¦ [9/95] Fetching price for 75994235...
   β… 1,570,000μ› (ν„λ€Hmall) - 3κ° μ‡Όν•‘λ°
π“¦ [10/95] Fetching price for 76334630...
   β… 354,990μ› (11λ²κ°€) - 11κ° μ‡Όν•‘λ°
   μ§„ν–‰: 10/95 β…
π“¦ [11/95] Fetching price for 90163964...
   β… 558,000μ› (μΏ ν΅) - 1κ° μ‡Όν•‘λ°
π“¦ [12/95] Fetching price for 20825507...
   β… 148,500μ› (μΏ ν΅) - 6κ° μ‡Όν•‘λ°
π“¦ [13/95] Fetching price for 20802473...
   β… 76,070μ› (11λ²κ°€) - 23κ° μ‡Όν•‘λ°
π“¦ [14/95] Fetching price for 20834786...
   β… 76,070μ› (11λ²κ°€) - 24κ° μ‡Όν•‘λ°
π“¦ [15/95] Fetching price for 20795354...
   β… 158,000μ› (μΏ ν΅) - 5κ° μ‡Όν•‘λ°
π“¦ [16/95] Fetching price for 76333364...
   β… 1,325,000μ› (μ‹ μ„Έκ³„λ°) - 4κ° μ‡Όν•‘λ°
π“¦ [17/95] Fetching price for 76514936...
   β… 679,000μ› (SSG.COM) - 5κ° μ‡Όν•‘λ°
π“¦ [18/95] Fetching price for 49749116...
   β… 159,000μ› (μΏ ν΅) - 2κ° μ‡Όν•‘λ°
π“¦ [19/95] Fetching price for 29495837...
   β… 667,220μ› (Gλ§μΌ“) - 15κ° μ‡Όν•‘λ°
π“¦ [20/95] Fetching price for 75990122...
   β… 299,000μ› (μΏ ν΅) - 2κ° μ‡Όν•‘λ°
   μ§„ν–‰: 20/95 β…
π“¦ [21/95] Fetching price for 76334648...
   β… 349,000μ› (μΏ ν΅) - 14κ° μ‡Όν•‘λ°
π“¦ [22/95] Fetching price for 29497301...
   β… 717,500μ› (μΏ ν΅) - 6κ° μ‡Όν•‘λ°
π“¦ [23/95] Fetching price for 20798654...
   β… 583,390μ› (μΏ ν΅) - 1κ° μ‡Όν•‘λ°
π“¦ [24/95] Fetching price for 56067209...
