[dotenv@17.2.3] injecting env (7) from .env.local -- tip: ⚙️  write to custom object with { processEnv: myObject }

############################################################
#  Knowledge Cache Prefetch
#  쿼리: 88개
#  제품: 120개, 리뷰 대상: 10개 x 5개
#  옵션: skip-products skip-reviews 
############################################################

============================================================
🚀 [Prefetch] 시작: "휴대용 유모차"
   제품: 120개, 리뷰 대상: 상위 10개 x 5개
   📂 제품은 DB 캐시에서 로드
============================================================

📂 [Step 1] DB 캐시에서 제품 로드 중...
   ✅ 120개 제품 캐시 로드 완료

💰 [Step 4] 가격 크롤링 준비 중...
   📂 이미 캐시됨: 95개 (스킵)
   ⚠️ 타사 pcode: 25개 (스킵)
   🎯 크롤링 대상: 0개
   ✅ 모든 가격이 이미 캐시되어 있습니다.

============================================================
✅ [Prefetch 완료] "휴대용 유모차"
   제품: 120개
   리뷰: 0개
   가격: 0개
   소요 시간: 0.8초
============================================================

⏳ 다음 쿼리 전 3초 대기...

============================================================
🚀 [Prefetch] 시작: "디럭스 유모차"
   제품: 120개, 리뷰 대상: 상위 10개 x 5개
   📂 제품은 DB 캐시에서 로드
============================================================

📂 [Step 1] DB 캐시에서 제품 로드 중...
   ✅ 120개 제품 캐시 로드 완료

💰 [Step 4] 가격 크롤링 준비 중...
   📂 이미 캐시됨: 57개 (스킵)
   ⚠️ 타사 pcode: 60개 (스킵)
   🎯 크롤링 대상: 3개

💰 [Step 4-1] 가격 크롤링 중... (3개)
📦 [1/3] Fetching price for 52374749...
   ✅ 1,450,000원 (쿠팡) - 3개 쇼핑몰
📦 [2/3] Fetching price for 26450555...
   ✅ 2,071,000원 (CJ온스타일) - 2개 쇼핑몰
📦 [3/3] Fetching price for 26458319...
   ✅ 598,000원 (쿠팡) - 5개 쇼핑몰
   진행: 3/3 ✅

💾 [Step 4-1] 가격 DB 저장 중...
   ✅ 3개 가격 저장 완료

============================================================
✅ [Prefetch 완료] "디럭스 유모차"
   제품: 120개
   리뷰: 0개
   가격: 3개
   소요 시간: 12.8초
============================================================

⏳ 다음 쿼리 전 3초 대기...

============================================================
🚀 [Prefetch] 시작: "절충형 유모차"
   제품: 120개, 리뷰 대상: 상위 10개 x 5개
   📂 제품은 DB 캐시에서 로드
============================================================

📂 [Step 1] DB 캐시에서 제품 로드 중...
   ✅ 120개 제품 캐시 로드 완료

💰 [Step 4] 가격 크롤링 준비 중...
   📂 이미 캐시됨: 17개 (스킵)
   ⚠️ 타사 pcode: 80개 (스킵)
   🎯 크롤링 대상: 23개

💰 [Step 4-1] 가격 크롤링 중... (23개)
📦 [1/23] Fetching price for 20809808...
   ✅ 390,000원 (신세계몰) - 22개 쇼핑몰
📦 [2/23] Fetching price for 60173795...
   ✅ 639,000원 (쿠팡) - 1개 쇼핑몰
📦 [3/23] Fetching price for 52373384...
   ✅ 1,080,000원 (쿠팡) - 1개 쇼핑몰
📦 [4/23] Fetching price for 46745882...
   ✅ 799,000원 (쿠팡) - 1개 쇼핑몰
📦 [5/23] Fetching price for 20847884...
   ✅ 1,104,350원 (SSG.COM) - 2개 쇼핑몰
📦 [6/23] Fetching price for 52267664...
   ✅ 1,150,000원 (쿠팡) - 1개 쇼핑몰
📦 [7/23] Fetching price for 29497568...
   ✅ 1,164,000원 (G마켓) - 5개 쇼핑몰
📦 [8/23] Fetching price for 75993674...
❌ [75993674] Crawl failed: Navigation timeout of 45000 ms exceeded
   ❌ Failed: Navigation timeout of 45000 ms exceeded
📦 [9/23] Fetching price for 20801462...
   ✅ 50,140원 (롯데ON) - 13개 쇼핑몰
📦 [10/23] Fetching price for 73429007...
   ✅ 440,850원 (11번가) - 12개 쇼핑몰
   진행: 10/23 ✅
📦 [11/23] Fetching price for 78718340...
   ✅ 116,470원 (11번가) - 18개 쇼핑몰
📦 [12/23] Fetching price for 26446703...
   ✅ 750,000원 (SSG.COM) - 5개 쇼핑몰
📦 [13/23] Fetching price for 27647396...
   ✅ 282,625원 (SSG.COM) - 3개 쇼핑몰
📦 [14/23] Fetching price for 21657734...
   ✅ 142,790원 (11번가) - 16개 쇼핑몰
📦 [15/23] Fetching price for 20821235...
   ✅ 71,590원 (11번가) - 3개 쇼핑몰
📦 [16/23] Fetching price for 20819948...
   ✅ 57,940원 (옥션) - 5개 쇼핑몰
📦 [17/23] Fetching price for 26507594...
   ✅ 44,400원 (쿠팡) - 11개 쇼핑몰
📦 [18/23] Fetching price for 20815055...
   ✅ 58,558원 (SSG.COM) - 2개 쇼핑몰
📦 [19/23] Fetching price for 21657674...
❌ [21657674] Crawl failed: Navigation timeout of 45000 ms exceeded
   ❌ Failed: Navigation timeout of 45000 ms exceeded
📦 [20/23] Fetching price for 26507978...
   ✅ 66,290원 (11번가) - 5개 쇼핑몰
   진행: 20/23 ✅
📦 [21/23] Fetching price for 20842493...
   ✅ 359,000원 (CJ온스타일) - 1개 쇼핑몰
📦 [22/23] Fetching price for 26482031...
   ✅ 25,650원 (쿠팡) - 1개 쇼핑몰
📦 [23/23] Fetching price for 20824853...
   ✅ 119,000원 (쿠팡) - 2개 쇼핑몰
   진행: 23/23 ✅

💾 [Step 4-1] 가격 DB 저장 중...
   ✅ 21개 가격 저장 완료

============================================================
✅ [Prefetch 완료] "절충형 유모차"
   제품: 120개
   리뷰: 0개
   가격: 21개
   소요 시간: 370.3초
============================================================

⏳ 다음 쿼리 전 3초 대기...

============================================================
🚀 [Prefetch] 시작: "트라이크 유모차"
   제품: 120개, 리뷰 대상: 상위 10개 x 5개
   📂 제품은 DB 캐시에서 로드
============================================================

📂 [Step 1] DB 캐시에서 제품 로드 중...
   ✅ 120개 제품 캐시 로드 완료

💰 [Step 4] 가격 크롤링 준비 중...
   📂 이미 캐시됨: 12개 (스킵)
   ⚠️ 타사 pcode: 108개 (스킵)
   🎯 크롤링 대상: 0개
   ✅ 모든 가격이 이미 캐시되어 있습니다.

============================================================
✅ [Prefetch 완료] "트라이크 유모차"
   제품: 120개
   리뷰: 0개
   가격: 0개
   소요 시간: 0.2초
============================================================

⏳ 다음 쿼리 전 3초 대기...

============================================================
🚀 [Prefetch] 시작: "신생아용 카시트"
   제품: 120개, 리뷰 대상: 상위 10개 x 5개
   📂 제품은 DB 캐시에서 로드
============================================================

📂 [Step 1] DB 캐시에서 제품 로드 중...
   ✅ 120개 제품 캐시 로드 완료

💰 [Step 4] 가격 크롤링 준비 중...
   📂 이미 캐시됨: 0개 (스킵)
   ⚠️ 타사 pcode: 85개 (스킵)
   🎯 크롤링 대상: 35개

💰 [Step 4-1] 가격 크롤링 중... (35개)
📦 [1/35] Fetching price for 39926282...
   ✅ 298,350원 (쿠팡) - 4개 쇼핑몰
📦 [2/35] Fetching price for 29625188...
   ✅ 710,000원 (현대Hmall) - 5개 쇼핑몰
📦 [3/35] Fetching price for 47324879...
   ✅ 753,700원 (현대Hmall) - 13개 쇼핑몰
📦 [4/35] Fetching price for 44224784...
❌ [44224784] Crawl failed: Navigation timeout of 45000 ms exceeded
   ❌ Failed: Navigation timeout of 45000 ms exceeded
📦 [5/35] Fetching price for 58120205...
   ✅ 608,000원 (SSG.COM) - 6개 쇼핑몰
📦 [6/35] Fetching price for 29625176...
   ✅ 1,190,000원 (SSG.COM) - 3개 쇼핑몰
📦 [7/35] Fetching price for 56162975...
   ✅ 178,000원 (쿠팡) - 1개 쇼핑몰
📦 [8/35] Fetching price for 56163404...
   ✅ 350,100원 (쿠팡) - 4개 쇼핑몰
📦 [9/35] Fetching price for 41270348...
   ✅ 770,000원 (SSG.COM) - 3개 쇼핑몰
📦 [10/35] Fetching price for 76878764...
   ✅ 455,080원 (11번가) - 6개 쇼핑몰
   진행: 10/35 ✅
📦 [11/35] Fetching price for 64817405...
   ✅ 118,000원 (쿠팡) - 1개 쇼핑몰
📦 [12/35] Fetching price for 89733887...
   ✅ 698,000원 (SSG.COM) - 2개 쇼핑몰
📦 [13/35] Fetching price for 21696887...
   ✅ 690,000원 (쿠팡) - 4개 쇼핑몰
📦 [14/35] Fetching price for 56163368...
   ✅ 660,000원 (쿠팡) - 2개 쇼핑몰
📦 [15/35] Fetching price for 39777722...
   ✅ 545,990원 (쿠팡) - 1개 쇼핑몰
📦 [16/35] Fetching price for 26485709...
   ✅ 1,634,800원 (쿠팡) - 1개 쇼핑몰
📦 [17/35] Fetching price for 20815100...
   ✅ 169,000원 (현대Hmall) - 1개 쇼핑몰
📦 [18/35] Fetching price for 53786219...
   ✅ 925,000원 (쿠팡) - 1개 쇼핑몰
📦 [19/35] Fetching price for 20823344...
   ✅ 293,950원 (쿠팡) - 2개 쇼핑몰
📦 [20/35] Fetching price for 20802695...
   ✅ 219,000원 (현대Hmall) - 2개 쇼핑몰
   진행: 20/35 ✅
📦 [21/35] Fetching price for 48484772...
   ✅ 79,800원 (쿠팡) - 1개 쇼핑몰
📦 [22/35] Fetching price for 20800265...
   ✅ 461,380원 (현대Hmall) - 1개 쇼핑몰
📦 [23/35] Fetching price for 26593139...
   ✅ 19,590원 (옥션) - 1개 쇼핑몰
📦 [24/35] Fetching price for 52162514...
   ✅ 637,250원 (쿠팡) - 1개 쇼핑몰
📦 [25/35] Fetching price for 20811611...
   ✅ 268,770원 (GS샵) - 1개 쇼핑몰
📦 [26/35] Fetching price for 89733908...
   ✅ 497,910원 (G마켓) - 1개 쇼핑몰
📦 [27/35] Fetching price for 20789963...
   ✅ 399,000원 (11번가) - 1개 쇼핑몰
📦 [28/35] Fetching price for 53786231...
   ✅ 1,420,000원 (쿠팡) - 1개 쇼핑몰
📦 [29/35] Fetching price for 26464214...
   ✅ 29,700원 (쿠팡) - 1개 쇼핑몰
📦 [30/35] Fetching price for 26509301...
   ✅ 24,900원 (쿠팡) - 3개 쇼핑몰
   진행: 30/35 ✅
📦 [31/35] Fetching price for 20785430...
   ✅ 53,240원 (현대Hmall) - 1개 쇼핑몰
📦 [32/35] Fetching price for 26593934...
   ✅ 20,040원 (11번가) - 3개 쇼핑몰
📦 [33/35] Fetching price for 30199505...
   ✅ 28,800원 (쿠팡) - 1개 쇼핑몰
📦 [34/35] Fetching price for 26610407...
   ✅ 53,240원 (현대Hmall) - 2개 쇼핑몰
📦 [35/35] Fetching price for 26456213...
   ✅ 48,600원 (옥션) - 1개 쇼핑몰
   진행: 35/35 ✅

💾 [Step 4-1] 가격 DB 저장 중...
   ✅ 34개 가격 저장 완료

============================================================
✅ [Prefetch 완료] "신생아용 카시트"
   제품: 120개
   리뷰: 0개
   가격: 34개
   소요 시간: 560.1초
============================================================

⏳ 다음 쿼리 전 3초 대기...

============================================================
🚀 [Prefetch] 시작: "유아용 카시트"
   제품: 120개, 리뷰 대상: 상위 10개 x 5개
   📂 제품은 DB 캐시에서 로드
============================================================

📂 [Step 1] DB 캐시에서 제품 로드 중...
   ✅ 120개 제품 캐시 로드 완료

💰 [Step 4] 가격 크롤링 준비 중...
   📂 이미 캐시됨: 4개 (스킵)
   ⚠️ 타사 pcode: 15개 (스킵)
   🎯 크롤링 대상: 101개

💰 [Step 4-1] 가격 크롤링 중... (101개)
📦 [1/101] Fetching price for 20832731...
   ✅ 25,900원 (쿠팡) - 11개 쇼핑몰
📦 [2/101] Fetching price for 53419952...
   ✅ 12,100원 (쿠팡) - 15개 쇼핑몰
📦 [3/101] Fetching price for 26552783...
   ✅ 47,700원 (옥션) - 3개 쇼핑몰
📦 [4/101] Fetching price for 26475275...
   ✅ 19,600원 (쿠팡) - 1개 쇼핑몰
📦 [5/101] Fetching price for 26559587...
   ✅ 124,820원 (11번가) - 1개 쇼핑몰
📦 [6/101] Fetching price for 26512316...
   ✅ 33,940원 (쿠팡) - 23개 쇼핑몰
📦 [7/101] Fetching price for 30326696...
   ✅ 22,000원 (쿠팡) - 3개 쇼핑몰
📦 [8/101] Fetching price for 26517506...
   ✅ 34,690원 (G마켓) - 5개 쇼핑몰
📦 [9/101] Fetching price for 20833442...
   ✅ 2,480원 (G마켓) - 3개 쇼핑몰
📦 [10/101] Fetching price for 26558333...
   ✅ 17,910원 (G마켓) - 2개 쇼핑몰
   진행: 10/101 ✅
📦 [11/101] Fetching price for 20786471...
   ✅ 4,510원 (G마켓) - 1개 쇼핑몰
📦 [12/101] Fetching price for 26558507...
   ✅ 15,160원 (현대Hmall) - 2개 쇼핑몰
📦 [13/101] Fetching price for 29691110...
❌ [29691110] Crawl failed: Navigation timeout of 45000 ms exceeded
   ❌ Failed: Navigation timeout of 45000 ms exceeded
📦 [14/101] Fetching price for 103416782...
❌ [103416782] Crawl failed: Navigation timeout of 45000 ms exceeded
   ❌ Failed: Navigation timeout of 45000 ms exceeded
📦 [15/101] Fetching price for 103416800...
   ✅ 55,000원 (현대Hmall) - 3개 쇼핑몰
📦 [16/101] Fetching price for 103416809...
   ✅ 55,000원 (현대Hmall) - 3개 쇼핑몰
📦 [17/101] Fetching price for 103337468...
   ✅ 54,140원 (롯데ON) - 13개 쇼핑몰
📦 [18/101] Fetching price for 103241837...
   ✅ 55,000원 (현대Hmall) - 9개 쇼핑몰
📦 [19/101] Fetching price for 103454411...
   ✅ 55,610원 (옥션) - 7개 쇼핑몰
📦 [20/101] Fetching price for 102553961...
   ✅ 55,000원 (현대Hmall) - 16개 쇼핑몰
   진행: 20/101 ✅
📦 [21/101] Fetching price for 103002575...
   ✅ 63,990원 (옥션) - 2개 쇼핑몰
📦 [22/101] Fetching price for 102492881...
   ✅ 55,000원 (현대Hmall) - 40개 쇼핑몰
📦 [23/101] Fetching price for 103454408...
   ✅ 57,930원 (G마켓) - 2개 쇼핑몰
📦 [24/101] Fetching price for 102492914...
   ✅ 55,000원 (현대Hmall) - 4개 쇼핑몰
📦 [25/101] Fetching price for 103284989...
   ✅ 59,100원 (GS샵) - 1개 쇼핑몰
📦 [26/101] Fetching price for 97478657...
   ✅ 17,200원 (11번가) - 6개 쇼핑몰
📦 [27/101] Fetching price for 101547413...
   ✅ 66,580원 (GS샵) - 1개 쇼핑몰
📦 [28/101] Fetching price for 94816457...
   ✅ 49,580원 (현대Hmall) - 1개 쇼핑몰
📦 [29/101] Fetching price for 94343018...
   ✅ 55,150원 (현대Hmall) - 7개 쇼핑몰
📦 [30/101] Fetching price for 94264952...
   ✅ 49,580원 (현대Hmall) - 10개 쇼핑몰
   진행: 30/101 ✅
📦 [31/101] Fetching price for 94264967...
   ✅ 55,830원 (11번가) - 6개 쇼핑몰
📦 [32/101] Fetching price for 98233088...
   ✅ 53,900원 (쿠팡) - 1개 쇼핑몰
📦 [33/101] Fetching price for 92683310...
   ✅ 51,700원 (G마켓) - 2개 쇼핑몰
📦 [34/101] Fetching price for 99559928...
   ✅ 46,030원 (롯데홈쇼핑) - 12개 쇼핑몰
📦 [35/101] Fetching price for 98233091...
   ✅ 42,590원 (옥션) - 9개 쇼핑몰
📦 [36/101] Fetching price for 91499180...
   ✅ 28,010원 (옥션) - 18개 쇼핑몰
📦 [37/101] Fetching price for 91427690...
❌ [91427690] Crawl failed: Navigation timeout of 45000 ms exceeded
   ❌ Failed: Navigation timeout of 45000 ms exceeded
📦 [38/101] Fetching price for 90705929...
   ✅ 40,380원 (롯데ON) - 2개 쇼핑몰
📦 [39/101] Fetching price for 90705920...
   ✅ 30,390원 (11번가) - 5개 쇼핑몰
📦 [40/101] Fetching price for 90773807...
   ✅ 30,390원 (11번가) - 4개 쇼핑몰
   진행: 40/101 ✅
📦 [41/101] Fetching price for 88253570...
   ✅ 28,770원 (G마켓) - 21개 쇼핑몰
📦 [42/101] Fetching price for 88253561...
   ✅ 28,770원 (G마켓) - 20개 쇼핑몰
📦 [43/101] Fetching price for 78178631...
   ✅ 8,780원 (롯데ON) - 15개 쇼핑몰
📦 [44/101] Fetching price for 75790241...
   ✅ 26,360원 (신세계몰) - 3개 쇼핑몰
📦 [45/101] Fetching price for 75790253...
   ✅ 27,950원 (신세계몰) - 3개 쇼핑몰
📦 [46/101] Fetching price for 91123406...
   ✅ 47,030원 (현대Hmall) - 2개 쇼핑몰
📦 [47/101] Fetching price for 90705941...
   ✅ 44,680원 (11번가) - 6개 쇼핑몰
📦 [48/101] Fetching price for 90705953...
   ✅ 44,730원 (옥션) - 5개 쇼핑몰
📦 [49/101] Fetching price for 91570493...
   ✅ 50,050원 (옥션) - 10개 쇼핑몰
📦 [50/101] Fetching price for 64084382...
   ✅ 34,790원 (롯데홈쇼핑) - 9개 쇼핑몰
   진행: 50/101 ✅
📦 [51/101] Fetching price for 73075721...
   ✅ 34,180원 (11번가) - 4개 쇼핑몰
📦 [52/101] Fetching price for 27712967...
   ✅ 176,670원 (G마켓) - 1개 쇼핑몰
📦 [53/101] Fetching price for 49545350...
   ✅ 24,900원 (쿠팡) - 4개 쇼핑몰
📦 [54/101] Fetching price for 26451686...
   ✅ 61,950원 (G마켓) - 3개 쇼핑몰
📦 [55/101] Fetching price for 26626355...
   ✅ 39,000원 (SK스토아) - 1개 쇼핑몰
📦 [56/101] Fetching price for 26624837...
   ✅ 42,000원 (홈&쇼핑) - 1개 쇼핑몰
📦 [57/101] Fetching price for 30306704...
   ✅ 19,620원 (G마켓) - 2개 쇼핑몰
📦 [58/101] Fetching price for 26627807...
   ✅ 32,890원 (옥션) - 5개 쇼핑몰
📦 [59/101] Fetching price for 26465765...
   ✅ 11,500원 (쿠팡) - 4개 쇼핑몰
📦 [60/101] Fetching price for 27621059...
   ✅ 115,220원 (이마트인터넷쇼핑몰) - 1개 쇼핑몰
   진행: 60/101 ✅
📦 [61/101] Fetching price for 26555324...
❌ [26555324] Crawl failed: Navigation timeout of 45000 ms exceeded
   ❌ Failed: Navigation timeout of 45000 ms exceeded
📦 [62/101] Fetching price for 26555828...
   ✅ 113,030원 (롯데ON) - 4개 쇼핑몰
📦 [63/101] Fetching price for 20817611...
   ✅ 10,260원 (옥션) - 78개 쇼핑몰
📦 [64/101] Fetching price for 20813645...
   ✅ 22,410원 (11번가) - 20개 쇼핑몰
📦 [65/101] Fetching price for 32137478...
   ✅ 20,200원 (CJ온스타일) - 1개 쇼핑몰
📦 [66/101] Fetching price for 26453972...
   ✅ 43,500원 (쿠팡) - 4개 쇼핑몰
📦 [67/101] Fetching price for 26558321...
   ✅ 1,530원 (옥션) - 16개 쇼핑몰
📦 [68/101] Fetching price for 26520674...
   ✅ 8,720원 (G마켓) - 1개 쇼핑몰
📦 [69/101] Fetching price for 26456531...
   ✅ 53,900원 (11번가) - 1개 쇼핑몰
📦 [70/101] Fetching price for 26747672...
   ✅ 41,800원 (롯데ON) - 1개 쇼핑몰
   진행: 70/101 ✅
📦 [71/101] Fetching price for 26560937...
   ✅ 15,960원 (SSG.COM) - 1개 쇼핑몰
📦 [72/101] Fetching price for 26555531...
❌ [26555531] Crawl failed: Navigation timeout of 45000 ms exceeded
   ❌ Failed: Navigation timeout of 45000 ms exceeded
📦 [73/101] Fetching price for 26524373...
   ✅ 19,240원 (옥션) - 6개 쇼핑몰
📦 [74/101] Fetching price for 26522486...
   ✅ 19,190원 (옥션) - 2개 쇼핑몰
📦 [75/101] Fetching price for 26749307...
   ✅ 29,900원 (쿠팡) - 1개 쇼핑몰
📦 [76/101] Fetching price for 20832227...
   ✅ 49,980원 (옥션) - 5개 쇼핑몰
📦 [77/101] Fetching price for 26749103...
   ✅ 8,720원 (G마켓) - 9개 쇼핑몰
📦 [78/101] Fetching price for 26747807...
   ✅ 3,900원 (쿠팡) - 1개 쇼핑몰
📦 [79/101] Fetching price for 26613374...
   ✅ 44,800원 (CJ온스타일) - 1개 쇼핑몰
📦 [80/101] Fetching price for 26748674...
   ✅ 41,130원 (이마트인터넷쇼핑몰) - 1개 쇼핑몰
   진행: 80/101 ✅
📦 [81/101] Fetching price for 29497118...
   ✅ 16,900원 (쿠팡) - 1개 쇼핑몰
📦 [82/101] Fetching price for 26747666...
   ✅ 25,570원 (쿠팡) - 8개 쇼핑몰
📦 [83/101] Fetching price for 26747087...
   ✅ 24,070원 (쿠팡) - 2개 쇼핑몰
📦 [84/101] Fetching price for 26558408...
   ✅ 10,360원 (CJ온스타일) - 5개 쇼핑몰
📦 [85/101] Fetching price for 26553965...
   ✅ 26,230원 (옥션) - 2개 쇼핑몰
📦 [86/101] Fetching price for 26529089...
   ✅ 272,500원 (쿠팡) - 3개 쇼핑몰
📦 [87/101] Fetching price for 26557478...
   ✅ 36,000원 (G마켓) - 1개 쇼핑몰
📦 [88/101] Fetching price for 26517839...
   ✅ 2,550원 (G마켓) - 36개 쇼핑몰
📦 [89/101] Fetching price for 26736788...
   ✅ 25,450원 (11번가) - 51개 쇼핑몰
📦 [90/101] Fetching price for 26516255...
   ✅ 6,500원 (옥션) - 2개 쇼핑몰
   진행: 90/101 ✅
📦 [91/101] Fetching price for 26516120...
   ✅ 35,500원 (G마켓) - 3개 쇼핑몰
📦 [92/101] Fetching price for 20815481...
   ✅ 12,900원 (GS샵) - 12개 쇼핑몰
📦 [93/101] Fetching price for 20811182...
   ✅ 8,020원 (11번가) - 3개 쇼핑몰
📦 [94/101] Fetching price for 26512085...
   ✅ 25,000원 (쿠팡) - 3개 쇼핑몰
📦 [95/101] Fetching price for 26512589...
❌ [26512589] Crawl failed: Navigation timeout of 45000 ms exceeded
   ❌ Failed: Navigation timeout of 45000 ms exceeded
📦 [96/101] Fetching price for 26493488...
❌ [26493488] Crawl failed: Navigation timeout of 45000 ms exceeded
   ❌ Failed: Navigation timeout of 45000 ms exceeded
📦 [97/101] Fetching price for 26512319...
   ✅ 8,750원 (G마켓) - 5개 쇼핑몰
📦 [98/101] Fetching price for 26601002...
   ✅ 56,000원 (홈&쇼핑) - 1개 쇼핑몰
📦 [99/101] Fetching price for 26598464...
   ✅ 6,900원 (옥션) - 2개 쇼핑몰
📦 [100/101] Fetching price for 26512826...
   ✅ 84,600원 (G마켓) - 5개 쇼핑몰
   진행: 100/101 ✅
📦 [101/101] Fetching price for 31433222...
   ✅ 38,900원 (쿠팡) - 1개 쇼핑몰
   진행: 101/101 ✅

💾 [Step 4-1] 가격 DB 저장 중...
   ✅ 94개 가격 저장 완료

============================================================
✅ [Prefetch 완료] "유아용 카시트"
   제품: 120개
   리뷰: 0개
   가격: 94개
   소요 시간: 1633.9초
============================================================

⏳ 다음 쿼리 전 3초 대기...

============================================================
🚀 [Prefetch] 시작: "주니어용 카시트"
   제품: 120개, 리뷰 대상: 상위 10개 x 5개
   📂 제품은 DB 캐시에서 로드
============================================================

📂 [Step 1] DB 캐시에서 제품 로드 중...
   ✅ 120개 제품 캐시 로드 완료

💰 [Step 4] 가격 크롤링 준비 중...
   📂 이미 캐시됨: 4개 (스킵)
   ⚠️ 타사 pcode: 75개 (스킵)
   🎯 크롤링 대상: 41개

💰 [Step 4-1] 가격 크롤링 중... (41개)
📦 [1/41] Fetching price for 90164018...
   ✅ 166,400원 (쿠팡) - 11개 쇼핑몰
📦 [2/41] Fetching price for 39777611...
   ✅ 513,910원 (롯데홈쇼핑) - 6개 쇼핑몰
📦 [3/41] Fetching price for 39111362...
   ✅ 250,750원 (현대Hmall) - 4개 쇼핑몰
📦 [4/41] Fetching price for 76075208...
   ✅ 647,040원 (롯데홈쇼핑) - 15개 쇼핑몰
📦 [5/41] Fetching price for 31450331...
   ✅ 249,900원 (더현대닷컴) - 3개 쇼핑몰
📦 [6/41] Fetching price for 29497466...
   ✅ 640,000원 (신세계몰) - 4개 쇼핑몰
📦 [7/41] Fetching price for 53786183...
   ✅ 248,000원 (쿠팡) - 1개 쇼핑몰
📦 [8/41] Fetching price for 39777605...
   ✅ 217,350원 (롯데홈쇼핑) - 5개 쇼핑몰
📦 [9/41] Fetching price for 26463467...
   ✅ 123,481원 (SSG.COM) - 27개 쇼핑몰
📦 [10/41] Fetching price for 56162936...
   ✅ 88,000원 (쿠팡) - 1개 쇼핑몰
   진행: 10/41 ✅
📦 [11/41] Fetching price for 20786570...
   ✅ 30,000원 (신세계몰) - 5개 쇼핑몰
📦 [12/41] Fetching price for 21696899...
   ✅ 290,000원 (이마트인터넷쇼핑몰) - 1개 쇼핑몰
📦 [13/41] Fetching price for 76076879...
   ✅ 500,000원 (신세계몰) - 4개 쇼핑몰
📦 [14/41] Fetching price for 39261845...
❌ [39261845] Crawl failed: Navigation timeout of 45000 ms exceeded
   ❌ Failed: Navigation timeout of 45000 ms exceeded
📦 [15/41] Fetching price for 20809805...
   ✅ 188,000원 (쿠팡) - 6개 쇼핑몰
📦 [16/41] Fetching price for 53203220...
   ✅ 330,838원 (SSG.COM) - 3개 쇼핑몰
📦 [17/41] Fetching price for 60249116...
   ✅ 299,200원 (더현대닷컴) - 1개 쇼핑몰
📦 [18/41] Fetching price for 20842388...
   ✅ 322,190원 (현대Hmall) - 1개 쇼핑몰
📦 [19/41] Fetching price for 21696797...
   ✅ 329,000원 (G마켓) - 1개 쇼핑몰
📦 [20/41] Fetching price for 26439707...
   ✅ 129,000원 (쿠팡) - 5개 쇼핑몰
   진행: 20/41 ✅
📦 [21/41] Fetching price for 37354337...
   ✅ 168,260원 (G마켓) - 1개 쇼핑몰
📦 [22/41] Fetching price for 28001597...
   ✅ 340,034원 (SSG.COM) - 3개 쇼핑몰
📦 [23/41] Fetching price for 20792495...
   ✅ 382,200원 (롯데홈쇼핑) - 6개 쇼핑몰
📦 [24/41] Fetching price for 26468309...
❌ [26468309] Crawl failed: Navigation timeout of 45000 ms exceeded
   ❌ Failed: Navigation timeout of 45000 ms exceeded
📦 [25/41] Fetching price for 20798222...
   ✅ 299,000원 (쿠팡) - 2개 쇼핑몰
📦 [26/41] Fetching price for 53786264...
   ✅ 442,500원 (옥션) - 6개 쇼핑몰
📦 [27/41] Fetching price for 21656894...
   ✅ 99,000원 (쿠팡) - 1개 쇼핑몰
📦 [28/41] Fetching price for 52481603...
   ✅ 263,120원 (쿠팡) - 2개 쇼핑몰
📦 [29/41] Fetching price for 20811554...
   ✅ 264,000원 (네이버) - 1개 쇼핑몰
📦 [30/41] Fetching price for 44224307...
   ✅ 112,800원 (11번가) - 3개 쇼핑몰
   진행: 30/41 ✅
📦 [31/41] Fetching price for 20818088...
   ✅ 188,050원 (쿠팡) - 6개 쇼핑몰
📦 [32/41] Fetching price for 21191468...
